  mazedata.cpp
  opengl3Dmaze.cpp
  view3d.cpp
  LDRproject.cpp
  main.cpp
C:\Users\whk13\Desktop\C++\大一暑校\LDRproject\LDRproject\opengl3Dmaze.cpp(1,1): warning C4828: 文件包含在偏移 0x579 处开始的字符，该字符在当前源字符集中无效(代码页 65001)。
C:\Users\whk13\Desktop\C++\大一暑校\LDRproject\LDRproject\view3d.cpp(1,1): warning C4828: 文件包含在偏移 0x571 处开始的字符，该字符在当前源字符集中无效(代码页 65001)。
C:\Users\whk13\Desktop\C++\大一暑校\LDRproject\LDRproject\mazedata.cpp(1,1): warning C4828: 文件包含在偏移 0x94 处开始的字符，该字符在当前源字符集中无效(代码页 65001)。
C:\Users\whk13\Desktop\C++\大一暑校\LDRproject\LDRproject\opengl3Dmaze.cpp(1,1): warning C4828: 文件包含在偏移 0x57b 处开始的字符，该字符在当前源字符集中无效(代码页 65001)。
C:\Users\whk13\Desktop\C++\大一暑校\LDRproject\LDRproject\view3d.cpp(1,1): warning C4828: 文件包含在偏移 0x573 处开始的字符，该字符在当前源字符集中无效(代码页 65001)。
C:\Users\whk13\Desktop\C++\大一暑校\LDRproject\LDRproject\mazedata.cpp(1,1): warning C4828: 文件包含在偏移 0x95 处开始的字符，该字符在当前源字符集中无效(代码页 65001)。
C:\Users\whk13\Desktop\C++\大一暑校\LDRproject\LDRproject\opengl3Dmaze.cpp(1,1): warning C4828: 文件包含在偏移 0x581 处开始的字符，该字符在当前源字符集中无效(代码页 65001)。
C:\Users\whk13\Desktop\C++\大一暑校\LDRproject\LDRproject\view3d.cpp(1,1): warning C4828: 文件包含在偏移 0x579 处开始的字符，该字符在当前源字符集中无效(代码页 65001)。
C:\Users\whk13\Desktop\C++\大一暑校\LDRproject\LDRproject\mazedata.cpp(1,1): warning C4828: 文件包含在偏移 0x96 处开始的字符，该字符在当前源字符集中无效(代码页 65001)。
C:\Users\whk13\Desktop\C++\大一暑校\LDRproject\LDRproject\opengl3Dmaze.cpp(1,1): warning C4828: 文件包含在偏移 0x582 处开始的字符，该字符在当前源字符集中无效(代码页 65001)。
C:\Users\whk13\Desktop\C++\大一暑校\LDRproject\LDRproject\view3d.cpp(1,1): warning C4828: 文件包含在偏移 0x57a 处开始的字符，该字符在当前源字符集中无效(代码页 65001)。
C:\Users\whk13\Desktop\C++\大一暑校\LDRproject\LDRproject\mazedata.cpp(1,1): warning C4828: 文件包含在偏移 0x97 处开始的字符，该字符在当前源字符集中无效(代码页 65001)。
C:\Users\whk13\Desktop\C++\大一暑校\LDRproject\LDRproject\opengl3Dmaze.cpp(1,1): warning C4828: 文件包含在偏移 0x584 处开始的字符，该字符在当前源字符集中无效(代码页 65001)。
C:\Users\whk13\Desktop\C++\大一暑校\LDRproject\LDRproject\view3d.cpp(1,1): warning C4828: 文件包含在偏移 0x57c 处开始的字符，该字符在当前源字符集中无效(代码页 65001)。
C:\Users\whk13\Desktop\C++\大一暑校\LDRproject\LDRproject\mazedata.cpp(1,1): warning C4828: 文件包含在偏移 0x99 处开始的字符，该字符在当前源字符集中无效(代码页 65001)。
C:\Users\whk13\Desktop\C++\大一暑校\LDRproject\LDRproject\opengl3Dmaze.cpp(1,1): warning C4828: 文件包含在偏移 0x588 处开始的字符，该字符在当前源字符集中无效(代码页 65001)。
C:\Users\whk13\Desktop\C++\大一暑校\LDRproject\LDRproject\view3d.cpp(1,1): warning C4828: 文件包含在偏移 0x580 处开始的字符，该字符在当前源字符集中无效(代码页 65001)。
C:\Users\whk13\Desktop\C++\大一暑校\LDRproject\LDRproject\mazedata.cpp(1,1): warning C4828: 文件包含在偏移 0x9a 处开始的字符，该字符在当前源字符集中无效(代码页 65001)。
C:\Users\whk13\Desktop\C++\大一暑校\LDRproject\LDRproject\opengl3Dmaze.cpp(1,1): warning C4828: 文件包含在偏移 0x589 处开始的字符，该字符在当前源字符集中无效(代码页 65001)。
C:\Users\whk13\Desktop\C++\大一暑校\LDRproject\LDRproject\view3d.cpp(1,1): warning C4828: 文件包含在偏移 0x581 处开始的字符，该字符在当前源字符集中无效(代码页 65001)。
C:\Users\whk13\Desktop\C++\大一暑校\LDRproject\LDRproject\mazedata.cpp(1,1): warning C4828: 文件包含在偏移 0x9c 处开始的字符，该字符在当前源字符集中无效(代码页 65001)。
C:\Users\whk13\Desktop\C++\大一暑校\LDRproject\LDRproject\opengl3Dmaze.cpp(1,1): warning C4828: 文件包含在偏移 0x58d 处开始的字符，该字符在当前源字符集中无效(代码页 65001)。
C:\Users\whk13\Desktop\C++\大一暑校\LDRproject\LDRproject\view3d.cpp(1,1): warning C4828: 文件包含在偏移 0x585 处开始的字符，该字符在当前源字符集中无效(代码页 65001)。
C:\Users\whk13\Desktop\C++\大一暑校\LDRproject\LDRproject\opengl3Dmaze.cpp(1,1): warning C4828: 文件包含在偏移 0x59f 处开始的字符，该字符在当前源字符集中无效(代码页 65001)。
C:\Users\whk13\Desktop\C++\大一暑校\LDRproject\LDRproject\mazedata.cpp(1,1): warning C4828: 文件包含在偏移 0x9d 处开始的字符，该字符在当前源字符集中无效(代码页 65001)。
C:\Users\whk13\Desktop\C++\大一暑校\LDRproject\LDRproject\view3d.cpp(1,1): warning C4828: 文件包含在偏移 0x597 处开始的字符，该字符在当前源字符集中无效(代码页 65001)。
C:\Users\whk13\Desktop\C++\大一暑校\LDRproject\LDRproject\opengl3Dmaze.cpp(1,1): warning C4828: 文件包含在偏移 0x5a0 处开始的字符，该字符在当前源字符集中无效(代码页 65001)。
C:\Users\whk13\Desktop\C++\大一暑校\LDRproject\LDRproject\mazedata.cpp(1,1): warning C4828: 文件包含在偏移 0xa1 处开始的字符，该字符在当前源字符集中无效(代码页 65001)。
C:\Users\whk13\Desktop\C++\大一暑校\LDRproject\LDRproject\view3d.cpp(1,1): warning C4828: 文件包含在偏移 0x598 处开始的字符，该字符在当前源字符集中无效(代码页 65001)。
C:\Users\whk13\Desktop\C++\大一暑校\LDRproject\LDRproject\opengl3Dmaze.cpp(1,1): warning C4828: 文件包含在偏移 0x5a1 处开始的字符，该字符在当前源字符集中无效(代码页 65001)。
C:\Users\whk13\Desktop\C++\大一暑校\LDRproject\LDRproject\mazedata.cpp(1,1): warning C4828: 文件包含在偏移 0xa3 处开始的字符，该字符在当前源字符集中无效(代码页 65001)。
C:\Users\whk13\Desktop\C++\大一暑校\LDRproject\LDRproject\view3d.cpp(1,1): warning C4828: 文件包含在偏移 0x599 处开始的字符，该字符在当前源字符集中无效(代码页 65001)。
C:\Users\whk13\Desktop\C++\大一暑校\LDRproject\LDRproject\opengl3Dmaze.cpp(1,1): warning C4828: 文件包含在偏移 0x647 处开始的字符，该字符在当前源字符集中无效(代码页 65001)。
C:\Users\whk13\Desktop\C++\大一暑校\LDRproject\LDRproject\mazedata.cpp(1,1): warning C4828: 文件包含在偏移 0xa5 处开始的字符，该字符在当前源字符集中无效(代码页 65001)。
C:\Users\whk13\Desktop\C++\大一暑校\LDRproject\LDRproject\view3d.cpp(1,1): warning C4828: 文件包含在偏移 0x63c 处开始的字符，该字符在当前源字符集中无效(代码页 65001)。
C:\Users\whk13\Desktop\C++\大一暑校\LDRproject\LDRproject\opengl3Dmaze.cpp(1,1): warning C4828: 文件包含在偏移 0x648 处开始的字符，该字符在当前源字符集中无效(代码页 65001)。
C:\Users\whk13\Desktop\C++\大一暑校\LDRproject\LDRproject\mazedata.cpp(1,1): warning C4828: 文件包含在偏移 0xaa 处开始的字符，该字符在当前源字符集中无效(代码页 65001)。
C:\Users\whk13\Desktop\C++\大一暑校\LDRproject\LDRproject\view3d.cpp(1,1): warning C4828: 文件包含在偏移 0x63d 处开始的字符，该字符在当前源字符集中无效(代码页 65001)。
C:\Users\whk13\Desktop\C++\大一暑校\LDRproject\LDRproject\opengl3Dmaze.cpp(1,1): warning C4828: 文件包含在偏移 0x653 处开始的字符，该字符在当前源字符集中无效(代码页 65001)。
C:\Users\whk13\Desktop\C++\大一暑校\LDRproject\LDRproject\mazedata.cpp(1,1): warning C4828: 文件包含在偏移 0xab 处开始的字符，该字符在当前源字符集中无效(代码页 65001)。
C:\Users\whk13\Desktop\C++\大一暑校\LDRproject\LDRproject\view3d.cpp(1,1): warning C4828: 文件包含在偏移 0x648 处开始的字符，该字符在当前源字符集中无效(代码页 65001)。
C:\Users\whk13\Desktop\C++\大一暑校\LDRproject\LDRproject\opengl3Dmaze.cpp(1,1): warning C4828: 文件包含在偏移 0x655 处开始的字符，该字符在当前源字符集中无效(代码页 65001)。
C:\Users\whk13\Desktop\C++\大一暑校\LDRproject\LDRproject\view3d.cpp(1,1): warning C4828: 文件包含在偏移 0x64a 处开始的字符，该字符在当前源字符集中无效(代码页 65001)。
C:\Users\whk13\Desktop\C++\大一暑校\LDRproject\LDRproject\mazedata.cpp(1,1): warning C4828: 文件包含在偏移 0xb1 处开始的字符，该字符在当前源字符集中无效(代码页 65001)。
C:\Users\whk13\Desktop\C++\大一暑校\LDRproject\LDRproject\view3d.cpp(1,1): warning C4828: 文件包含在偏移 0x64f 处开始的字符，该字符在当前源字符集中无效(代码页 65001)。
C:\Users\whk13\Desktop\C++\大一暑校\LDRproject\LDRproject\opengl3Dmaze.cpp(1,1): warning C4828: 文件包含在偏移 0x65a 处开始的字符，该字符在当前源字符集中无效(代码页 65001)。
C:\Users\whk13\Desktop\C++\大一暑校\LDRproject\LDRproject\view3d.cpp(1,1): warning C4828: 文件包含在偏移 0x650 处开始的字符，该字符在当前源字符集中无效(代码页 65001)。
C:\Users\whk13\Desktop\C++\大一暑校\LDRproject\LDRproject\mazedata.cpp(1,1): warning C4828: 文件包含在偏移 0xb2 处开始的字符，该字符在当前源字符集中无效(代码页 65001)。
C:\Users\whk13\Desktop\C++\大一暑校\LDRproject\LDRproject\view3d.cpp(1,1): warning C4828: 文件包含在偏移 0x747 处开始的字符，该字符在当前源字符集中无效(代码页 65001)。
C:\Users\whk13\Desktop\C++\大一暑校\LDRproject\LDRproject\opengl3Dmaze.cpp(1,1): warning C4828: 文件包含在偏移 0x65b 处开始的字符，该字符在当前源字符集中无效(代码页 65001)。
C:\Users\whk13\Desktop\C++\大一暑校\LDRproject\LDRproject\mazedata.cpp(1,1): warning C4828: 文件包含在偏移 0xb3 处开始的字符，该字符在当前源字符集中无效(代码页 65001)。
C:\Users\whk13\Desktop\C++\大一暑校\LDRproject\LDRproject\view3d.cpp(1,1): warning C4828: 文件包含在偏移 0x749 处开始的字符，该字符在当前源字符集中无效(代码页 65001)。
C:\Users\whk13\Desktop\C++\大一暑校\LDRproject\LDRproject\opengl3Dmaze.cpp(1,1): warning C4828: 文件包含在偏移 0x762 处开始的字符，该字符在当前源字符集中无效(代码页 65001)。
C:\Users\whk13\Desktop\C++\大一暑校\LDRproject\LDRproject\view3d.cpp(1,1): warning C4828: 文件包含在偏移 0x74b 处开始的字符，该字符在当前源字符集中无效(代码页 65001)。
C:\Users\whk13\Desktop\C++\大一暑校\LDRproject\LDRproject\opengl3Dmaze.cpp(1,1): warning C4828: 文件包含在偏移 0x764 处开始的字符，该字符在当前源字符集中无效(代码页 65001)。
C:\Users\whk13\Desktop\C++\大一暑校\LDRproject\LDRproject\view3d.cpp(1,1): warning C4828: 文件包含在偏移 0x74d 处开始的字符，该字符在当前源字符集中无效(代码页 65001)。
C:\Users\whk13\Desktop\C++\大一暑校\LDRproject\LDRproject\opengl3Dmaze.cpp(1,1): warning C4828: 文件包含在偏移 0x765 处开始的字符，该字符在当前源字符集中无效(代码页 65001)。
C:\Users\whk13\Desktop\C++\大一暑校\LDRproject\LDRproject\view3d.cpp(1,1): warning C4828: 文件包含在偏移 0x74f 处开始的字符，该字符在当前源字符集中无效(代码页 65001)。
C:\Users\whk13\Desktop\C++\大一暑校\LDRproject\LDRproject\opengl3Dmaze.cpp(1,1): warning C4828: 文件包含在偏移 0x766 处开始的字符，该字符在当前源字符集中无效(代码页 65001)。
C:\Users\whk13\Desktop\C++\大一暑校\LDRproject\LDRproject\view3d.cpp(1,1): warning C4828: 文件包含在偏移 0x755 处开始的字符，该字符在当前源字符集中无效(代码页 65001)。
C:\Users\whk13\Desktop\C++\大一暑校\LDRproject\LDRproject\opengl3Dmaze.cpp(1,1): warning C4828: 文件包含在偏移 0x767 处开始的字符，该字符在当前源字符集中无效(代码页 65001)。
C:\Users\whk13\Desktop\C++\大一暑校\LDRproject\LDRproject\view3d.cpp(1,1): warning C4828: 文件包含在偏移 0x756 处开始的字符，该字符在当前源字符集中无效(代码页 65001)。
C:\Users\whk13\Desktop\C++\大一暑校\LDRproject\LDRproject\opengl3Dmaze.cpp(1,1): warning C4828: 文件包含在偏移 0x768 处开始的字符，该字符在当前源字符集中无效(代码页 65001)。
C:\Users\whk13\Desktop\C++\大一暑校\LDRproject\LDRproject\view3d.cpp(1,1): warning C4828: 文件包含在偏移 0x758 处开始的字符，该字符在当前源字符集中无效(代码页 65001)。
C:\Users\whk13\Desktop\C++\大一暑校\LDRproject\LDRproject\opengl3Dmaze.cpp(1,1): warning C4828: 文件包含在偏移 0x769 处开始的字符，该字符在当前源字符集中无效(代码页 65001)。
C:\Users\whk13\Desktop\C++\大一暑校\LDRproject\LDRproject\view3d.cpp(1,1): warning C4828: 文件包含在偏移 0x7c5 处开始的字符，该字符在当前源字符集中无效(代码页 65001)。
C:\Users\whk13\Desktop\C++\大一暑校\LDRproject\LDRproject\view3d.cpp(1,1): warning C4828: 文件包含在偏移 0x7c7 处开始的字符，该字符在当前源字符集中无效(代码页 65001)。
C:\Users\whk13\Desktop\C++\大一暑校\LDRproject\LDRproject\opengl3Dmaze.cpp(1,1): warning C4828: 文件包含在偏移 0x7aa 处开始的字符，该字符在当前源字符集中无效(代码页 65001)。
C:\Users\whk13\Desktop\C++\大一暑校\LDRproject\LDRproject\view3d.cpp(1,1): warning C4828: 文件包含在偏移 0x7c9 处开始的字符，该字符在当前源字符集中无效(代码页 65001)。
C:\Users\whk13\Desktop\C++\大一暑校\LDRproject\LDRproject\opengl3Dmaze.cpp(1,1): warning C4828: 文件包含在偏移 0x7ac 处开始的字符，该字符在当前源字符集中无效(代码页 65001)。
C:\Users\whk13\Desktop\C++\大一暑校\LDRproject\LDRproject\opengl3Dmaze.cpp(1,1): warning C4828: 文件包含在偏移 0x7b2 处开始的字符，该字符在当前源字符集中无效(代码页 65001)。
C:\Users\whk13\Desktop\C++\大一暑校\LDRproject\LDRproject\view3d.cpp(1,1): warning C4828: 文件包含在偏移 0x7ca 处开始的字符，该字符在当前源字符集中无效(代码页 65001)。
C:\Users\whk13\Desktop\C++\大一暑校\LDRproject\LDRproject\view3d.cpp(1,1): warning C4828: 文件包含在偏移 0x7cd 处开始的字符，该字符在当前源字符集中无效(代码页 65001)。
C:\Users\whk13\Desktop\C++\大一暑校\LDRproject\LDRproject\opengl3Dmaze.cpp(1,1): warning C4828: 文件包含在偏移 0x7b3 处开始的字符，该字符在当前源字符集中无效(代码页 65001)。
C:\Users\whk13\Desktop\C++\大一暑校\LDRproject\LDRproject\view3d.cpp(1,1): warning C4828: 文件包含在偏移 0x7e6 处开始的字符，该字符在当前源字符集中无效(代码页 65001)。
C:\Users\whk13\Desktop\C++\大一暑校\LDRproject\LDRproject\opengl3Dmaze.cpp(1,1): warning C4828: 文件包含在偏移 0x7b5 处开始的字符，该字符在当前源字符集中无效(代码页 65001)。
C:\Users\whk13\Desktop\C++\大一暑校\LDRproject\LDRproject\view3d.cpp(1,1): warning C4828: 文件包含在偏移 0x7e9 处开始的字符，该字符在当前源字符集中无效(代码页 65001)。
C:\Users\whk13\Desktop\C++\大一暑校\LDRproject\LDRproject\opengl3Dmaze.cpp(1,1): warning C4828: 文件包含在偏移 0x824 处开始的字符，该字符在当前源字符集中无效(代码页 65001)。
C:\Users\whk13\Desktop\C++\大一暑校\LDRproject\LDRproject\view3d.cpp(1,1): warning C4828: 文件包含在偏移 0x7ee 处开始的字符，该字符在当前源字符集中无效(代码页 65001)。
C:\Users\whk13\Desktop\C++\大一暑校\LDRproject\LDRproject\opengl3Dmaze.cpp(1,1): warning C4828: 文件包含在偏移 0x826 处开始的字符，该字符在当前源字符集中无效(代码页 65001)。
C:\Users\whk13\Desktop\C++\大一暑校\LDRproject\LDRproject\view3d.cpp(1,1): warning C4828: 文件包含在偏移 0x807 处开始的字符，该字符在当前源字符集中无效(代码页 65001)。
C:\Users\whk13\Desktop\C++\大一暑校\LDRproject\LDRproject\view3d.cpp(1,1): warning C4828: 文件包含在偏移 0x809 处开始的字符，该字符在当前源字符集中无效(代码页 65001)。
C:\Users\whk13\Desktop\C++\大一暑校\LDRproject\LDRproject\opengl3Dmaze.cpp(1,1): warning C4828: 文件包含在偏移 0x828 处开始的字符，该字符在当前源字符集中无效(代码页 65001)。
C:\Users\whk13\Desktop\C++\大一暑校\LDRproject\LDRproject\view3d.cpp(1,1): warning C4828: 文件包含在偏移 0x80a 处开始的字符，该字符在当前源字符集中无效(代码页 65001)。
C:\Users\whk13\Desktop\C++\大一暑校\LDRproject\LDRproject\opengl3Dmaze.cpp(1,1): warning C4828: 文件包含在偏移 0x82a 处开始的字符，该字符在当前源字符集中无效(代码页 65001)。
C:\Users\whk13\Desktop\C++\大一暑校\LDRproject\LDRproject\opengl3Dmaze.cpp(1,1): warning C4828: 文件包含在偏移 0x82b 处开始的字符，该字符在当前源字符集中无效(代码页 65001)。
C:\Users\whk13\Desktop\C++\大一暑校\LDRproject\LDRproject\opengl3Dmaze.cpp(1,1): warning C4828: 文件包含在偏移 0x830 处开始的字符，该字符在当前源字符集中无效(代码页 65001)。
C:\Users\whk13\Desktop\C++\大一暑校\LDRproject\LDRproject\opengl3Dmaze.cpp(1,1): warning C4828: 文件包含在偏移 0x831 处开始的字符，该字符在当前源字符集中无效(代码页 65001)。
C:\Users\whk13\Desktop\C++\大一暑校\LDRproject\LDRproject\view3d.cpp(1,1): warning C4828: 文件包含在偏移 0x80b 处开始的字符，该字符在当前源字符集中无效(代码页 65001)。
C:\Users\whk13\Desktop\C++\大一暑校\LDRproject\LDRproject\opengl3Dmaze.cpp(1,1): warning C4828: 文件包含在偏移 0x833 处开始的字符，该字符在当前源字符集中无效(代码页 65001)。
C:\Users\whk13\Desktop\C++\大一暑校\LDRproject\LDRproject\view3d.cpp(1,1): warning C4828: 文件包含在偏移 0x80d 处开始的字符，该字符在当前源字符集中无效(代码页 65001)。
C:\Users\whk13\Desktop\C++\大一暑校\LDRproject\LDRproject\opengl3Dmaze.cpp(1,1): warning C4828: 文件包含在偏移 0x83c 处开始的字符，该字符在当前源字符集中无效(代码页 65001)。
C:\Users\whk13\Desktop\C++\大一暑校\LDRproject\LDRproject\view3d.cpp(1,1): warning C4828: 文件包含在偏移 0x80f 处开始的字符，该字符在当前源字符集中无效(代码页 65001)。
C:\Users\whk13\Desktop\C++\大一暑校\LDRproject\LDRproject\opengl3Dmaze.cpp(1,1): warning C4828: 文件包含在偏移 0x83e 处开始的字符，该字符在当前源字符集中无效(代码页 65001)。
C:\Users\whk13\Desktop\C++\大一暑校\LDRproject\LDRproject\view3d.cpp(1,1): warning C4828: 文件包含在偏移 0x810 处开始的字符，该字符在当前源字符集中无效(代码页 65001)。
C:\Users\whk13\Desktop\C++\大一暑校\LDRproject\LDRproject\opengl3Dmaze.cpp(1,1): warning C4828: 文件包含在偏移 0x840 处开始的字符，该字符在当前源字符集中无效(代码页 65001)。
C:\Users\whk13\Desktop\C++\大一暑校\LDRproject\LDRproject\view3d.cpp(1,1): warning C4828: 文件包含在偏移 0x8a5 处开始的字符，该字符在当前源字符集中无效(代码页 65001)。
C:\Users\whk13\Desktop\C++\大一暑校\LDRproject\LDRproject\opengl3Dmaze.cpp(1,1): warning C4828: 文件包含在偏移 0x844 处开始的字符，该字符在当前源字符集中无效(代码页 65001)。
C:\Users\whk13\Desktop\C++\大一暑校\LDRproject\LDRproject\view3d.cpp(1,1): warning C4828: 文件包含在偏移 0x8a6 处开始的字符，该字符在当前源字符集中无效(代码页 65001)。
C:\Users\whk13\Desktop\C++\大一暑校\LDRproject\LDRproject\opengl3Dmaze.cpp(1,1): warning C4828: 文件包含在偏移 0x845 处开始的字符，该字符在当前源字符集中无效(代码页 65001)。
C:\Users\whk13\Desktop\C++\大一暑校\LDRproject\LDRproject\view3d.cpp(1,1): warning C4828: 文件包含在偏移 0x8a9 处开始的字符，该字符在当前源字符集中无效(代码页 65001)。
C:\Users\whk13\Desktop\C++\大一暑校\LDRproject\LDRproject\opengl3Dmaze.cpp(1,1): warning C4828: 文件包含在偏移 0x847 处开始的字符，该字符在当前源字符集中无效(代码页 65001)。
C:\Users\whk13\Desktop\C++\大一暑校\LDRproject\LDRproject\view3d.cpp(1,1): warning C4828: 文件包含在偏移 0x8ac 处开始的字符，该字符在当前源字符集中无效(代码页 65001)。
C:\Users\whk13\Desktop\C++\大一暑校\LDRproject\LDRproject\opengl3Dmaze.cpp(1,1): warning C4828: 文件包含在偏移 0x8a9 处开始的字符，该字符在当前源字符集中无效(代码页 65001)。
C:\Users\whk13\Desktop\C++\大一暑校\LDRproject\LDRproject\view3d.cpp(1,1): warning C4828: 文件包含在偏移 0x8d3 处开始的字符，该字符在当前源字符集中无效(代码页 65001)。
C:\Users\whk13\Desktop\C++\大一暑校\LDRproject\LDRproject\opengl3Dmaze.cpp(1,1): warning C4828: 文件包含在偏移 0x8ab 处开始的字符，该字符在当前源字符集中无效(代码页 65001)。
C:\Users\whk13\Desktop\C++\大一暑校\LDRproject\LDRproject\view3d.cpp(1,1): warning C4828: 文件包含在偏移 0x8d4 处开始的字符，该字符在当前源字符集中无效(代码页 65001)。
C:\Users\whk13\Desktop\C++\大一暑校\LDRproject\LDRproject\view3d.cpp(1,1): warning C4828: 文件包含在偏移 0x8d6 处开始的字符，该字符在当前源字符集中无效(代码页 65001)。
C:\Users\whk13\Desktop\C++\大一暑校\LDRproject\LDRproject\opengl3Dmaze.cpp(1,1): warning C4828: 文件包含在偏移 0x8ad 处开始的字符，该字符在当前源字符集中无效(代码页 65001)。
C:\Users\whk13\Desktop\C++\大一暑校\LDRproject\LDRproject\view3d.cpp(1,1): warning C4828: 文件包含在偏移 0xfbe 处开始的字符，该字符在当前源字符集中无效(代码页 65001)。
C:\Users\whk13\Desktop\C++\大一暑校\LDRproject\LDRproject\opengl3Dmaze.cpp(1,1): warning C4828: 文件包含在偏移 0x8ae 处开始的字符，该字符在当前源字符集中无效(代码页 65001)。
C:\Users\whk13\Desktop\C++\大一暑校\LDRproject\LDRproject\opengl3Dmaze.cpp(1,1): warning C4828: 文件包含在偏移 0x8b1 处开始的字符，该字符在当前源字符集中无效(代码页 65001)。
C:\Users\whk13\Desktop\C++\大一暑校\LDRproject\LDRproject\view3d.cpp(1,1): warning C4828: 文件包含在偏移 0xfbf 处开始的字符，该字符在当前源字符集中无效(代码页 65001)。
C:\Users\whk13\Desktop\C++\大一暑校\LDRproject\LDRproject\view3d.cpp(1,1): warning C4828: 文件包含在偏移 0xfc4 处开始的字符，该字符在当前源字符集中无效(代码页 65001)。
C:\Users\whk13\Desktop\C++\大一暑校\LDRproject\LDRproject\opengl3Dmaze.cpp(1,1): warning C4828: 文件包含在偏移 0x8b3 处开始的字符，该字符在当前源字符集中无效(代码页 65001)。
C:\Users\whk13\Desktop\C++\大一暑校\LDRproject\LDRproject\opengl3Dmaze.cpp(1,1): warning C4828: 文件包含在偏移 0x8b4 处开始的字符，该字符在当前源字符集中无效(代码页 65001)。
C:\Users\whk13\Desktop\C++\大一暑校\LDRproject\LDRproject\view3d.cpp(1,1): warning C4828: 文件包含在偏移 0xfc5 处开始的字符，该字符在当前源字符集中无效(代码页 65001)。
C:\Users\whk13\Desktop\C++\大一暑校\LDRproject\LDRproject\view3d.cpp(1,1): warning C4828: 文件包含在偏移 0xfec 处开始的字符，该字符在当前源字符集中无效(代码页 65001)。
C:\Users\whk13\Desktop\C++\大一暑校\LDRproject\LDRproject\opengl3Dmaze.cpp(1,1): warning C4828: 文件包含在偏移 0x8b5 处开始的字符，该字符在当前源字符集中无效(代码页 65001)。
C:\Users\whk13\Desktop\C++\大一暑校\LDRproject\LDRproject\view3d.cpp(1,1): warning C4828: 文件包含在偏移 0xfed 处开始的字符，该字符在当前源字符集中无效(代码页 65001)。
C:\Users\whk13\Desktop\C++\大一暑校\LDRproject\LDRproject\opengl3Dmaze.cpp(1,1): warning C4828: 文件包含在偏移 0x8b6 处开始的字符，该字符在当前源字符集中无效(代码页 65001)。
C:\Users\whk13\Desktop\C++\大一暑校\LDRproject\LDRproject\view3d.cpp(1,1): warning C4828: 文件包含在偏移 0xfef 处开始的字符，该字符在当前源字符集中无效(代码页 65001)。
C:\Users\whk13\Desktop\C++\大一暑校\LDRproject\LDRproject\opengl3Dmaze.cpp(1,1): warning C4828: 文件包含在偏移 0x8b7 处开始的字符，该字符在当前源字符集中无效(代码页 65001)。
C:\Users\whk13\Desktop\C++\大一暑校\LDRproject\LDRproject\view3d.cpp(1,1): warning C4828: 文件包含在偏移 0xff6 处开始的字符，该字符在当前源字符集中无效(代码页 65001)。
C:\Users\whk13\Desktop\C++\大一暑校\LDRproject\LDRproject\opengl3Dmaze.cpp(1,1): warning C4828: 文件包含在偏移 0x8b9 处开始的字符，该字符在当前源字符集中无效(代码页 65001)。
C:\Users\whk13\Desktop\C++\大一暑校\LDRproject\LDRproject\view3d.cpp(1,1): warning C4828: 文件包含在偏移 0xffa 处开始的字符，该字符在当前源字符集中无效(代码页 65001)。
C:\Users\whk13\Desktop\C++\大一暑校\LDRproject\LDRproject\opengl3Dmaze.cpp(1,1): warning C4828: 文件包含在偏移 0x8bb 处开始的字符，该字符在当前源字符集中无效(代码页 65001)。
C:\Users\whk13\Desktop\C++\大一暑校\LDRproject\LDRproject\view3d.cpp(1,1): warning C4828: 文件包含在偏移 0xffb 处开始的字符，该字符在当前源字符集中无效(代码页 65001)。
C:\Users\whk13\Desktop\C++\大一暑校\LDRproject\LDRproject\opengl3Dmaze.cpp(1,1): warning C4828: 文件包含在偏移 0x8bc 处开始的字符，该字符在当前源字符集中无效(代码页 65001)。
C:\Users\whk13\Desktop\C++\大一暑校\LDRproject\LDRproject\view3d.cpp(1,1): warning C4828: 文件包含在偏移 0x16a0 处开始的字符，该字符在当前源字符集中无效(代码页 65001)。
C:\Users\whk13\Desktop\C++\大一暑校\LDRproject\LDRproject\view3d.cpp(1,1): warning C4828: 文件包含在偏移 0x16a1 处开始的字符，该字符在当前源字符集中无效(代码页 65001)。
C:\Users\whk13\Desktop\C++\大一暑校\LDRproject\LDRproject\opengl3Dmaze.cpp(1,1): warning C4828: 文件包含在偏移 0x8bf 处开始的字符，该字符在当前源字符集中无效(代码页 65001)。
C:\Users\whk13\Desktop\C++\大一暑校\LDRproject\LDRproject\view3d.cpp(1,1): warning C4828: 文件包含在偏移 0x16a3 处开始的字符，该字符在当前源字符集中无效(代码页 65001)。
C:\Users\whk13\Desktop\C++\大一暑校\LDRproject\LDRproject\opengl3Dmaze.cpp(1,1): warning C4828: 文件包含在偏移 0x8c0 处开始的字符，该字符在当前源字符集中无效(代码页 65001)。
C:\Users\whk13\Desktop\C++\大一暑校\LDRproject\LDRproject\view3d.cpp(1,1): warning C4828: 文件包含在偏移 0x16aa 处开始的字符，该字符在当前源字符集中无效(代码页 65001)。
C:\Users\whk13\Desktop\C++\大一暑校\LDRproject\LDRproject\opengl3Dmaze.cpp(1,1): warning C4828: 文件包含在偏移 0x8c2 处开始的字符，该字符在当前源字符集中无效(代码页 65001)。
C:\Users\whk13\Desktop\C++\大一暑校\LDRproject\LDRproject\view3d.cpp(1,1): warning C4828: 文件包含在偏移 0x16ae 处开始的字符，该字符在当前源字符集中无效(代码页 65001)。
C:\Users\whk13\Desktop\C++\大一暑校\LDRproject\LDRproject\opengl3Dmaze.cpp(1,1): warning C4828: 文件包含在偏移 0x8c5 处开始的字符，该字符在当前源字符集中无效(代码页 65001)。
C:\Users\whk13\Desktop\C++\大一暑校\LDRproject\LDRproject\view3d.cpp(1,1): warning C4828: 文件包含在偏移 0x16af 处开始的字符，该字符在当前源字符集中无效(代码页 65001)。
C:\Users\whk13\Desktop\C++\大一暑校\LDRproject\LDRproject\opengl3Dmaze.cpp(1,1): warning C4828: 文件包含在偏移 0x8c6 处开始的字符，该字符在当前源字符集中无效(代码页 65001)。
C:\Users\whk13\Desktop\C++\大一暑校\LDRproject\LDRproject\view3d.cpp(1,1): warning C4828: 文件包含在偏移 0x1d4a 处开始的字符，该字符在当前源字符集中无效(代码页 65001)。
C:\Users\whk13\Desktop\C++\大一暑校\LDRproject\LDRproject\opengl3Dmaze.cpp(1,1): warning C4828: 文件包含在偏移 0x8c9 处开始的字符，该字符在当前源字符集中无效(代码页 65001)。
C:\Users\whk13\Desktop\C++\大一暑校\LDRproject\LDRproject\view3d.cpp(1,1): warning C4828: 文件包含在偏移 0x1d4d 处开始的字符，该字符在当前源字符集中无效(代码页 65001)。
C:\Users\whk13\Desktop\C++\大一暑校\LDRproject\LDRproject\view3d.cpp(1,1): warning C4828: 文件包含在偏移 0x1d52 处开始的字符，该字符在当前源字符集中无效(代码页 65001)。
C:\Users\whk13\Desktop\C++\大一暑校\LDRproject\LDRproject\opengl3Dmaze.cpp(1,1): warning C4828: 文件包含在偏移 0x8ca 处开始的字符，该字符在当前源字符集中无效(代码页 65001)。
C:\Users\whk13\Desktop\C++\大一暑校\LDRproject\LDRproject\view3d.cpp(1,1): warning C4828: 文件包含在偏移 0x1d53 处开始的字符，该字符在当前源字符集中无效(代码页 65001)。
C:\Users\whk13\Desktop\C++\大一暑校\LDRproject\LDRproject\opengl3Dmaze.cpp(1,1): warning C4828: 文件包含在偏移 0x8cd 处开始的字符，该字符在当前源字符集中无效(代码页 65001)。
C:\Users\whk13\Desktop\C++\大一暑校\LDRproject\LDRproject\opengl3Dmaze.cpp(1,1): warning C4828: 文件包含在偏移 0x8ce 处开始的字符，该字符在当前源字符集中无效(代码页 65001)。
C:\Users\whk13\Desktop\C++\大一暑校\LDRproject\LDRproject\opengl3Dmaze.cpp(1,1): warning C4828: 文件包含在偏移 0x8f4 处开始的字符，该字符在当前源字符集中无效(代码页 65001)。
C:\Users\whk13\Desktop\C++\大一暑校\LDRproject\LDRproject\view3d.h(1,1): warning C4828: 文件包含在偏移 0x2cd 处开始的字符，该字符在当前源字符集中无效(代码页 65001)。 (编译源文件 view3d.cpp)
C:\Users\whk13\Desktop\C++\大一暑校\LDRproject\LDRproject\opengl3Dmaze.cpp(1,1): warning C4828: 文件包含在偏移 0x8f5 处开始的字符，该字符在当前源字符集中无效(代码页 65001)。
C:\Users\whk13\Desktop\C++\大一暑校\LDRproject\LDRproject\view3d.h(1,1): warning C4828: 文件包含在偏移 0x2cf 处开始的字符，该字符在当前源字符集中无效(代码页 65001)。 (编译源文件 view3d.cpp)
C:\Users\whk13\Desktop\C++\大一暑校\LDRproject\LDRproject\view3d.h(1,1): warning C4828: 文件包含在偏移 0x2d1 处开始的字符，该字符在当前源字符集中无效(代码页 65001)。 (编译源文件 view3d.cpp)
C:\Users\whk13\Desktop\C++\大一暑校\LDRproject\LDRproject\opengl3Dmaze.cpp(1,1): warning C4828: 文件包含在偏移 0x8f8 处开始的字符，该字符在当前源字符集中无效(代码页 65001)。
C:\Users\whk13\Desktop\C++\大一暑校\LDRproject\LDRproject\view3d.h(1,1): warning C4828: 文件包含在偏移 0x2d2 处开始的字符，该字符在当前源字符集中无效(代码页 65001)。 (编译源文件 view3d.cpp)
C:\Users\whk13\Desktop\C++\大一暑校\LDRproject\LDRproject\opengl3Dmaze.cpp(1,1): warning C4828: 文件包含在偏移 0x8fa 处开始的字符，该字符在当前源字符集中无效(代码页 65001)。
C:\Users\whk13\Desktop\C++\大一暑校\LDRproject\LDRproject\view3d.h(1,1): warning C4828: 文件包含在偏移 0x2d4 处开始的字符，该字符在当前源字符集中无效(代码页 65001)。 (编译源文件 view3d.cpp)
C:\Users\whk13\Desktop\C++\大一暑校\LDRproject\LDRproject\opengl3Dmaze.cpp(1,1): warning C4828: 文件包含在偏移 0x8fb 处开始的字符，该字符在当前源字符集中无效(代码页 65001)。
C:\Users\whk13\Desktop\C++\大一暑校\LDRproject\LDRproject\view3d.h(1,1): warning C4828: 文件包含在偏移 0x2d5 处开始的字符，该字符在当前源字符集中无效(代码页 65001)。 (编译源文件 view3d.cpp)
C:\Users\whk13\Desktop\C++\大一暑校\LDRproject\LDRproject\view3d.h(1,1): warning C4828: 文件包含在偏移 0x2d6 处开始的字符，该字符在当前源字符集中无效(代码页 65001)。 (编译源文件 view3d.cpp)
C:\Users\whk13\Desktop\C++\大一暑校\LDRproject\LDRproject\opengl3Dmaze.cpp(1,1): warning C4828: 文件包含在偏移 0x8fe 处开始的字符，该字符在当前源字符集中无效(代码页 65001)。
C:\Users\whk13\Desktop\C++\大一暑校\LDRproject\LDRproject\view3d.h(1,1): warning C4828: 文件包含在偏移 0x2d7 处开始的字符，该字符在当前源字符集中无效(代码页 65001)。 (编译源文件 view3d.cpp)
C:\Users\whk13\Desktop\C++\大一暑校\LDRproject\LDRproject\opengl3Dmaze.cpp(1,1): warning C4828: 文件包含在偏移 0x900 处开始的字符，该字符在当前源字符集中无效(代码页 65001)。
C:\Users\whk13\Desktop\C++\大一暑校\LDRproject\LDRproject\view3d.h(1,1): warning C4828: 文件包含在偏移 0x2d9 处开始的字符，该字符在当前源字符集中无效(代码页 65001)。 (编译源文件 view3d.cpp)
C:\Users\whk13\Desktop\C++\大一暑校\LDRproject\LDRproject\opengl3Dmaze.cpp(1,1): warning C4828: 文件包含在偏移 0x902 处开始的字符，该字符在当前源字符集中无效(代码页 65001)。
C:\Users\whk13\Desktop\C++\大一暑校\LDRproject\LDRproject\view3d.h(1,1): warning C4828: 文件包含在偏移 0x2dc 处开始的字符，该字符在当前源字符集中无效(代码页 65001)。 (编译源文件 view3d.cpp)
C:\Users\whk13\Desktop\C++\大一暑校\LDRproject\LDRproject\view3d.h(1,1): warning C4828: 文件包含在偏移 0x2de 处开始的字符，该字符在当前源字符集中无效(代码页 65001)。 (编译源文件 view3d.cpp)
C:\Users\whk13\Desktop\C++\大一暑校\LDRproject\LDRproject\opengl3Dmaze.cpp(1,1): warning C4828: 文件包含在偏移 0x903 处开始的字符，该字符在当前源字符集中无效(代码页 65001)。
C:\Users\whk13\Desktop\C++\大一暑校\LDRproject\LDRproject\view3d.h(1,1): warning C4828: 文件包含在偏移 0x2df 处开始的字符，该字符在当前源字符集中无效(代码页 65001)。 (编译源文件 view3d.cpp)
C:\Users\whk13\Desktop\C++\大一暑校\LDRproject\LDRproject\opengl3Dmaze.cpp(1,1): warning C4828: 文件包含在偏移 0x904 处开始的字符，该字符在当前源字符集中无效(代码页 65001)。
C:\Users\whk13\Desktop\C++\大一暑校\LDRproject\LDRproject\view3d.h(1,1): warning C4828: 文件包含在偏移 0x2e0 处开始的字符，该字符在当前源字符集中无效(代码页 65001)。 (编译源文件 view3d.cpp)
C:\Users\whk13\Desktop\C++\大一暑校\LDRproject\LDRproject\opengl3Dmaze.cpp(1,1): warning C4828: 文件包含在偏移 0x905 处开始的字符，该字符在当前源字符集中无效(代码页 65001)。
C:\Users\whk13\Desktop\C++\大一暑校\LDRproject\LDRproject\opengl3Dmaze.cpp(1,1): warning C4828: 文件包含在偏移 0x907 处开始的字符，该字符在当前源字符集中无效(代码页 65001)。
C:\Users\whk13\Desktop\C++\大一暑校\LDRproject\LDRproject\opengl3Dmaze.cpp(1,1): warning C4828: 文件包含在偏移 0x909 处开始的字符，该字符在当前源字符集中无效(代码页 65001)。
C:\Users\whk13\Desktop\C++\大一暑校\LDRproject\LDRproject\opengl3Dmaze.cpp(1,1): warning C4828: 文件包含在偏移 0x94b 处开始的字符，该字符在当前源字符集中无效(代码页 65001)。
C:\Users\whk13\Desktop\C++\大一暑校\LDRproject\LDRproject\opengl3Dmaze.cpp(1,1): warning C4828: 文件包含在偏移 0x94d 处开始的字符，该字符在当前源字符集中无效(代码页 65001)。
C:\Users\whk13\Desktop\C++\大一暑校\LDRproject\LDRproject\opengl3Dmaze.cpp(1,1): warning C4828: 文件包含在偏移 0x94f 处开始的字符，该字符在当前源字符集中无效(代码页 65001)。
C:\Users\whk13\Desktop\C++\大一暑校\LDRproject\LDRproject\opengl3Dmaze.cpp(1,1): warning C4828: 文件包含在偏移 0x950 处开始的字符，该字符在当前源字符集中无效(代码页 65001)。
C:\Users\whk13\Desktop\C++\大一暑校\LDRproject\LDRproject\opengl3Dmaze.cpp(1,1): warning C4828: 文件包含在偏移 0x953 处开始的字符，该字符在当前源字符集中无效(代码页 65001)。
C:\Users\whk13\Desktop\C++\大一暑校\LDRproject\LDRproject\opengl3Dmaze.cpp(1,1): warning C4828: 文件包含在偏移 0x955 处开始的字符，该字符在当前源字符集中无效(代码页 65001)。
C:\Users\whk13\Desktop\C++\大一暑校\LDRproject\LDRproject\opengl3Dmaze.cpp(1,1): warning C4828: 文件包含在偏移 0x956 处开始的字符，该字符在当前源字符集中无效(代码页 65001)。
C:\Users\whk13\Desktop\C++\大一暑校\LDRproject\LDRproject\opengl3Dmaze.cpp(1,1): warning C4828: 文件包含在偏移 0x957 处开始的字符，该字符在当前源字符集中无效(代码页 65001)。
C:\Users\whk13\Desktop\C++\大一暑校\LDRproject\LDRproject\opengl3Dmaze.cpp(1,1): warning C4828: 文件包含在偏移 0x958 处开始的字符，该字符在当前源字符集中无效(代码页 65001)。
C:\Users\whk13\Desktop\C++\大一暑校\LDRproject\LDRproject\opengl3Dmaze.cpp(1,1): warning C4828: 文件包含在偏移 0x959 处开始的字符，该字符在当前源字符集中无效(代码页 65001)。
C:\Users\whk13\Desktop\C++\大一暑校\LDRproject\LDRproject\opengl3Dmaze.cpp(1,1): warning C4828: 文件包含在偏移 0x95b 处开始的字符，该字符在当前源字符集中无效(代码页 65001)。
C:\Users\whk13\Desktop\C++\大一暑校\LDRproject\LDRproject\opengl3Dmaze.cpp(1,1): warning C4828: 文件包含在偏移 0x95d 处开始的字符，该字符在当前源字符集中无效(代码页 65001)。
C:\Users\whk13\Desktop\C++\大一暑校\LDRproject\LDRproject\opengl3Dmaze.cpp(1,1): warning C4828: 文件包含在偏移 0x95e 处开始的字符，该字符在当前源字符集中无效(代码页 65001)。
C:\Users\whk13\Desktop\C++\大一暑校\LDRproject\LDRproject\opengl3Dmaze.cpp(1,1): warning C4828: 文件包含在偏移 0x961 处开始的字符，该字符在当前源字符集中无效(代码页 65001)。
C:\Users\whk13\Desktop\C++\大一暑校\LDRproject\LDRproject\opengl3Dmaze.cpp(1,1): warning C4828: 文件包含在偏移 0x962 处开始的字符，该字符在当前源字符集中无效(代码页 65001)。
C:\Users\whk13\Desktop\C++\大一暑校\LDRproject\LDRproject\opengl3Dmaze.cpp(1,1): warning C4828: 文件包含在偏移 0x964 处开始的字符，该字符在当前源字符集中无效(代码页 65001)。
C:\Users\whk13\Desktop\C++\大一暑校\LDRproject\LDRproject\opengl3Dmaze.cpp(1,1): warning C4828: 文件包含在偏移 0x967 处开始的字符，该字符在当前源字符集中无效(代码页 65001)。
C:\Users\whk13\Desktop\C++\大一暑校\LDRproject\LDRproject\opengl3Dmaze.cpp(1,1): warning C4828: 文件包含在偏移 0x968 处开始的字符，该字符在当前源字符集中无效(代码页 65001)。
C:\Users\whk13\Desktop\C++\大一暑校\LDRproject\LDRproject\opengl3Dmaze.cpp(1,1): warning C4828: 文件包含在偏移 0x96b 处开始的字符，该字符在当前源字符集中无效(代码页 65001)。
C:\Users\whk13\Desktop\C++\大一暑校\LDRproject\LDRproject\opengl3Dmaze.cpp(1,1): warning C4828: 文件包含在偏移 0x96c 处开始的字符，该字符在当前源字符集中无效(代码页 65001)。
C:\Users\whk13\Desktop\C++\大一暑校\LDRproject\LDRproject\opengl3Dmaze.cpp(1,1): warning C4828: 文件包含在偏移 0x96f 处开始的字符，该字符在当前源字符集中无效(代码页 65001)。
C:\Users\whk13\Desktop\C++\大一暑校\LDRproject\LDRproject\opengl3Dmaze.cpp(1,1): warning C4828: 文件包含在偏移 0x970 处开始的字符，该字符在当前源字符集中无效(代码页 65001)。
C:\Users\whk13\Desktop\C++\大一暑校\LDRproject\LDRproject\opengl3Dmaze.cpp(1,1): warning C4828: 文件包含在偏移 0x993 处开始的字符，该字符在当前源字符集中无效(代码页 65001)。
C:\Users\whk13\Desktop\C++\大一暑校\LDRproject\LDRproject\opengl3Dmaze.cpp(1,1): warning C4828: 文件包含在偏移 0x994 处开始的字符，该字符在当前源字符集中无效(代码页 65001)。
C:\Users\whk13\Desktop\C++\大一暑校\LDRproject\LDRproject\opengl3Dmaze.cpp(1,1): warning C4828: 文件包含在偏移 0x997 处开始的字符，该字符在当前源字符集中无效(代码页 65001)。
C:\Users\whk13\Desktop\C++\大一暑校\LDRproject\LDRproject\opengl3Dmaze.cpp(1,1): warning C4828: 文件包含在偏移 0x999 处开始的字符，该字符在当前源字符集中无效(代码页 65001)。
C:\Users\whk13\Desktop\C++\大一暑校\LDRproject\LDRproject\opengl3Dmaze.cpp(1,1): warning C4828: 文件包含在偏移 0x99a 处开始的字符，该字符在当前源字符集中无效(代码页 65001)。
C:\Users\whk13\Desktop\C++\大一暑校\LDRproject\LDRproject\opengl3Dmaze.cpp(1,1): warning C4828: 文件包含在偏移 0x99d 处开始的字符，该字符在当前源字符集中无效(代码页 65001)。
C:\Users\whk13\Desktop\C++\大一暑校\LDRproject\LDRproject\opengl3Dmaze.cpp(1,1): warning C4828: 文件包含在偏移 0x99f 处开始的字符，该字符在当前源字符集中无效(代码页 65001)。
C:\Users\whk13\Desktop\C++\大一暑校\LDRproject\LDRproject\opengl3Dmaze.cpp(1,1): warning C4828: 文件包含在偏移 0x9a1 处开始的字符，该字符在当前源字符集中无效(代码页 65001)。
C:\Users\whk13\Desktop\C++\大一暑校\LDRproject\LDRproject\opengl3Dmaze.cpp(1,1): warning C4828: 文件包含在偏移 0x9a2 处开始的字符，该字符在当前源字符集中无效(代码页 65001)。
C:\Users\whk13\Desktop\C++\大一暑校\LDRproject\LDRproject\opengl3Dmaze.cpp(1,1): warning C4828: 文件包含在偏移 0x9a3 处开始的字符，该字符在当前源字符集中无效(代码页 65001)。
C:\Users\whk13\Desktop\C++\大一暑校\LDRproject\LDRproject\opengl3Dmaze.cpp(1,1): warning C4828: 文件包含在偏移 0x9a4 处开始的字符，该字符在当前源字符集中无效(代码页 65001)。
C:\Users\whk13\Desktop\C++\大一暑校\LDRproject\LDRproject\opengl3Dmaze.cpp(1,1): warning C4828: 文件包含在偏移 0x9a6 处开始的字符，该字符在当前源字符集中无效(代码页 65001)。
C:\Users\whk13\Desktop\C++\大一暑校\LDRproject\LDRproject\opengl3Dmaze.cpp(1,1): warning C4828: 文件包含在偏移 0x9a8 处开始的字符，该字符在当前源字符集中无效(代码页 65001)。
C:\Users\whk13\Desktop\C++\大一暑校\LDRproject\LDRproject\opengl3Dmaze.cpp(1,1): warning C4828: 文件包含在偏移 0x9c9 处开始的字符，该字符在当前源字符集中无效(代码页 65001)。
C:\Users\whk13\Desktop\C++\大一暑校\LDRproject\LDRproject\opengl3Dmaze.cpp(1,1): warning C4828: 文件包含在偏移 0x9ca 处开始的字符，该字符在当前源字符集中无效(代码页 65001)。
C:\Users\whk13\Desktop\C++\大一暑校\LDRproject\LDRproject\opengl3Dmaze.cpp(1,1): warning C4828: 文件包含在偏移 0x9cd 处开始的字符，该字符在当前源字符集中无效(代码页 65001)。
C:\Users\whk13\Desktop\C++\大一暑校\LDRproject\LDRproject\opengl3Dmaze.cpp(1,1): warning C4828: 文件包含在偏移 0x9cf 处开始的字符，该字符在当前源字符集中无效(代码页 65001)。
C:\Users\whk13\Desktop\C++\大一暑校\LDRproject\LDRproject\opengl3Dmaze.cpp(1,1): warning C4828: 文件包含在偏移 0x9d0 处开始的字符，该字符在当前源字符集中无效(代码页 65001)。
C:\Users\whk13\Desktop\C++\大一暑校\LDRproject\LDRproject\opengl3Dmaze.cpp(1,1): warning C4828: 文件包含在偏移 0xac1 处开始的字符，该字符在当前源字符集中无效(代码页 65001)。
C:\Users\whk13\Desktop\C++\大一暑校\LDRproject\LDRproject\opengl3Dmaze.cpp(1,1): warning C4828: 文件包含在偏移 0xac2 处开始的字符，该字符在当前源字符集中无效(代码页 65001)。
C:\Users\whk13\Desktop\C++\大一暑校\LDRproject\LDRproject\opengl3Dmaze.cpp(1,1): warning C4828: 文件包含在偏移 0xac7 处开始的字符，该字符在当前源字符集中无效(代码页 65001)。
C:\Users\whk13\Desktop\C++\大一暑校\LDRproject\LDRproject\opengl3Dmaze.cpp(1,1): warning C4828: 文件包含在偏移 0xac9 处开始的字符，该字符在当前源字符集中无效(代码页 65001)。
C:\Users\whk13\Desktop\C++\大一暑校\LDRproject\LDRproject\opengl3Dmaze.cpp(1,1): warning C4828: 文件包含在偏移 0xaca 处开始的字符，该字符在当前源字符集中无效(代码页 65001)。
C:\Users\whk13\Desktop\C++\大一暑校\LDRproject\LDRproject\opengl3Dmaze.cpp(1,1): warning C4828: 文件包含在偏移 0xacb 处开始的字符，该字符在当前源字符集中无效(代码页 65001)。
C:\Users\whk13\Desktop\C++\大一暑校\LDRproject\LDRproject\opengl3Dmaze.cpp(1,1): warning C4828: 文件包含在偏移 0xacc 处开始的字符，该字符在当前源字符集中无效(代码页 65001)。
C:\Users\whk13\Desktop\C++\大一暑校\LDRproject\LDRproject\opengl3Dmaze.cpp(1,1): warning C4828: 文件包含在偏移 0xb3b 处开始的字符，该字符在当前源字符集中无效(代码页 65001)。
C:\Users\whk13\Desktop\C++\大一暑校\LDRproject\LDRproject\opengl3Dmaze.cpp(1,1): warning C4828: 文件包含在偏移 0xb3d 处开始的字符，该字符在当前源字符集中无效(代码页 65001)。
C:\Users\whk13\Desktop\C++\大一暑校\LDRproject\LDRproject\opengl3Dmaze.cpp(1,1): warning C4828: 文件包含在偏移 0xb41 处开始的字符，该字符在当前源字符集中无效(代码页 65001)。
C:\Users\whk13\Desktop\C++\大一暑校\LDRproject\LDRproject\opengl3Dmaze.cpp(1,1): warning C4828: 文件包含在偏移 0xb43 处开始的字符，该字符在当前源字符集中无效(代码页 65001)。
C:\Users\whk13\Desktop\C++\大一暑校\LDRproject\LDRproject\opengl3Dmaze.cpp(1,1): warning C4828: 文件包含在偏移 0xb61 处开始的字符，该字符在当前源字符集中无效(代码页 65001)。
C:\Users\whk13\Desktop\C++\大一暑校\LDRproject\LDRproject\opengl3Dmaze.cpp(1,1): warning C4828: 文件包含在偏移 0xb62 处开始的字符，该字符在当前源字符集中无效(代码页 65001)。
C:\Users\whk13\Desktop\C++\大一暑校\LDRproject\LDRproject\opengl3Dmaze.cpp(1,1): warning C4828: 文件包含在偏移 0xb65 处开始的字符，该字符在当前源字符集中无效(代码页 65001)。
C:\Users\whk13\Desktop\C++\大一暑校\LDRproject\LDRproject\opengl3Dmaze.cpp(1,1): warning C4828: 文件包含在偏移 0xb66 处开始的字符，该字符在当前源字符集中无效(代码页 65001)。
C:\Users\whk13\Desktop\C++\大一暑校\LDRproject\LDRproject\opengl3Dmaze.cpp(1,1): warning C4828: 文件包含在偏移 0xb67 处开始的字符，该字符在当前源字符集中无效(代码页 65001)。
C:\Users\whk13\Desktop\C++\大一暑校\LDRproject\LDRproject\opengl3Dmaze.cpp(1,1): warning C4828: 文件包含在偏移 0xb68 处开始的字符，该字符在当前源字符集中无效(代码页 65001)。
C:\Users\whk13\Desktop\C++\大一暑校\LDRproject\LDRproject\opengl3Dmaze.cpp(1,1): warning C4828: 文件包含在偏移 0xb69 处开始的字符，该字符在当前源字符集中无效(代码页 65001)。
C:\Users\whk13\Desktop\C++\大一暑校\LDRproject\LDRproject\opengl3Dmaze.cpp(1,1): warning C4828: 文件包含在偏移 0xc49 处开始的字符，该字符在当前源字符集中无效(代码页 65001)。
C:\Users\whk13\Desktop\C++\大一暑校\LDRproject\LDRproject\opengl3Dmaze.cpp(1,1): warning C4828: 文件包含在偏移 0xc4a 处开始的字符，该字符在当前源字符集中无效(代码页 65001)。
C:\Users\whk13\Desktop\C++\大一暑校\LDRproject\LDRproject\opengl3Dmaze.cpp(1,1): warning C4828: 文件包含在偏移 0xc4f 处开始的字符，该字符在当前源字符集中无效(代码页 65001)。
C:\Users\whk13\Desktop\C++\大一暑校\LDRproject\LDRproject\opengl3Dmaze.cpp(1,1): warning C4828: 文件包含在偏移 0xc50 处开始的字符，该字符在当前源字符集中无效(代码页 65001)。
C:\Users\whk13\Desktop\C++\大一暑校\LDRproject\LDRproject\opengl3Dmaze.cpp(1,1): warning C4828: 文件包含在偏移 0xc51 处开始的字符，该字符在当前源字符集中无效(代码页 65001)。
C:\Users\whk13\Desktop\C++\大一暑校\LDRproject\LDRproject\opengl3Dmaze.cpp(1,1): warning C4828: 文件包含在偏移 0xc52 处开始的字符，该字符在当前源字符集中无效(代码页 65001)。
C:\Users\whk13\Desktop\C++\大一暑校\LDRproject\LDRproject\opengl3Dmaze.cpp(1,1): warning C4828: 文件包含在偏移 0xc53 处开始的字符，该字符在当前源字符集中无效(代码页 65001)。
C:\Users\whk13\Desktop\C++\大一暑校\LDRproject\LDRproject\opengl3Dmaze.cpp(1,1): warning C4828: 文件包含在偏移 0xc54 处开始的字符，该字符在当前源字符集中无效(代码页 65001)。
C:\Users\whk13\Desktop\C++\大一暑校\LDRproject\LDRproject\opengl3Dmaze.cpp(1,1): warning C4828: 文件包含在偏移 0xcc4 处开始的字符，该字符在当前源字符集中无效(代码页 65001)。
C:\Users\whk13\Desktop\C++\大一暑校\LDRproject\LDRproject\opengl3Dmaze.cpp(1,1): warning C4828: 文件包含在偏移 0xcc6 处开始的字符，该字符在当前源字符集中无效(代码页 65001)。
C:\Users\whk13\Desktop\C++\大一暑校\LDRproject\LDRproject\opengl3Dmaze.cpp(1,1): warning C4828: 文件包含在偏移 0xcca 处开始的字符，该字符在当前源字符集中无效(代码页 65001)。
C:\Users\whk13\Desktop\C++\大一暑校\LDRproject\LDRproject\opengl3Dmaze.cpp(1,1): warning C4828: 文件包含在偏移 0xccb 处开始的字符，该字符在当前源字符集中无效(代码页 65001)。
C:\Users\whk13\Desktop\C++\大一暑校\LDRproject\LDRproject\opengl3Dmaze.cpp(1,1): warning C4828: 文件包含在偏移 0xccc 处开始的字符，该字符在当前源字符集中无效(代码页 65001)。
C:\Users\whk13\Desktop\C++\大一暑校\LDRproject\LDRproject\opengl3Dmaze.cpp(1,1): warning C4828: 文件包含在偏移 0xcec 处开始的字符，该字符在当前源字符集中无效(代码页 65001)。
C:\Users\whk13\Desktop\C++\大一暑校\LDRproject\LDRproject\opengl3Dmaze.cpp(1,1): warning C4828: 文件包含在偏移 0xced 处开始的字符，该字符在当前源字符集中无效(代码页 65001)。
C:\Users\whk13\Desktop\C++\大一暑校\LDRproject\LDRproject\opengl3Dmaze.cpp(1,1): warning C4828: 文件包含在偏移 0xcf0 处开始的字符，该字符在当前源字符集中无效(代码页 65001)。
C:\Users\whk13\Desktop\C++\大一暑校\LDRproject\LDRproject\opengl3Dmaze.cpp(1,1): warning C4828: 文件包含在偏移 0xcf1 处开始的字符，该字符在当前源字符集中无效(代码页 65001)。
C:\Users\whk13\Desktop\C++\大一暑校\LDRproject\LDRproject\opengl3Dmaze.cpp(1,1): warning C4828: 文件包含在偏移 0xcf2 处开始的字符，该字符在当前源字符集中无效(代码页 65001)。
C:\Users\whk13\Desktop\C++\大一暑校\LDRproject\LDRproject\opengl3Dmaze.cpp(1,1): warning C4828: 文件包含在偏移 0xcf3 处开始的字符，该字符在当前源字符集中无效(代码页 65001)。
C:\Users\whk13\Desktop\C++\大一暑校\LDRproject\LDRproject\opengl3Dmaze.cpp(1,1): warning C4828: 文件包含在偏移 0xcf4 处开始的字符，该字符在当前源字符集中无效(代码页 65001)。
C:\Users\whk13\Desktop\C++\大一暑校\LDRproject\LDRproject\opengl3Dmaze.cpp(1,1): warning C4828: 文件包含在偏移 0xdb2 处开始的字符，该字符在当前源字符集中无效(代码页 65001)。
C:\Users\whk13\Desktop\C++\大一暑校\LDRproject\LDRproject\opengl3Dmaze.cpp(1,1): warning C4828: 文件包含在偏移 0xdb3 处开始的字符，该字符在当前源字符集中无效(代码页 65001)。
C:\Users\whk13\Desktop\C++\大一暑校\LDRproject\LDRproject\opengl3Dmaze.cpp(1,1): warning C4828: 文件包含在偏移 0xdb8 处开始的字符，该字符在当前源字符集中无效(代码页 65001)。
C:\Users\whk13\Desktop\C++\大一暑校\LDRproject\LDRproject\opengl3Dmaze.cpp(1,1): warning C4828: 文件包含在偏移 0xdb9 处开始的字符，该字符在当前源字符集中无效(代码页 65001)。
C:\Users\whk13\Desktop\C++\大一暑校\LDRproject\LDRproject\opengl3Dmaze.cpp(1,1): warning C4828: 文件包含在偏移 0xdba 处开始的字符，该字符在当前源字符集中无效(代码页 65001)。
C:\Users\whk13\Desktop\C++\大一暑校\LDRproject\LDRproject\opengl3Dmaze.cpp(1,1): warning C4828: 文件包含在偏移 0xdbb 处开始的字符，该字符在当前源字符集中无效(代码页 65001)。
C:\Users\whk13\Desktop\C++\大一暑校\LDRproject\LDRproject\opengl3Dmaze.cpp(1,1): warning C4828: 文件包含在偏移 0xdbc 处开始的字符，该字符在当前源字符集中无效(代码页 65001)。
C:\Users\whk13\Desktop\C++\大一暑校\LDRproject\LDRproject\opengl3Dmaze.cpp(1,1): warning C4828: 文件包含在偏移 0xdbd 处开始的字符，该字符在当前源字符集中无效(代码页 65001)。
C:\Users\whk13\Desktop\C++\大一暑校\LDRproject\LDRproject\opengl3Dmaze.cpp(1,1): warning C4828: 文件包含在偏移 0xe5f 处开始的字符，该字符在当前源字符集中无效(代码页 65001)。
C:\Users\whk13\Desktop\C++\大一暑校\LDRproject\LDRproject\opengl3Dmaze.cpp(1,1): warning C4828: 文件包含在偏移 0xe61 处开始的字符，该字符在当前源字符集中无效(代码页 65001)。
C:\Users\whk13\Desktop\C++\大一暑校\LDRproject\LDRproject\opengl3Dmaze.cpp(1,1): warning C4828: 文件包含在偏移 0xe65 处开始的字符，该字符在当前源字符集中无效(代码页 65001)。
C:\Users\whk13\Desktop\C++\大一暑校\LDRproject\LDRproject\opengl3Dmaze.cpp(1,1): warning C4828: 文件包含在偏移 0xe66 处开始的字符，该字符在当前源字符集中无效(代码页 65001)。
C:\Users\whk13\Desktop\C++\大一暑校\LDRproject\LDRproject\opengl3Dmaze.cpp(1,1): warning C4828: 文件包含在偏移 0xe67 处开始的字符，该字符在当前源字符集中无效(代码页 65001)。
C:\Users\whk13\Desktop\C++\大一暑校\LDRproject\LDRproject\opengl3Dmaze.cpp(1,1): warning C4828: 文件包含在偏移 0xed0 处开始的字符，该字符在当前源字符集中无效(代码页 65001)。
C:\Users\whk13\Desktop\C++\大一暑校\LDRproject\LDRproject\opengl3Dmaze.cpp(1,1): warning C4828: 文件包含在偏移 0xed2 处开始的字符，该字符在当前源字符集中无效(代码页 65001)。
C:\Users\whk13\Desktop\C++\大一暑校\LDRproject\LDRproject\opengl3Dmaze.cpp(1,1): warning C4828: 文件包含在偏移 0xed6 处开始的字符，该字符在当前源字符集中无效(代码页 65001)。
C:\Users\whk13\Desktop\C++\大一暑校\LDRproject\LDRproject\opengl3Dmaze.cpp(1,1): warning C4828: 文件包含在偏移 0xed7 处开始的字符，该字符在当前源字符集中无效(代码页 65001)。
C:\Users\whk13\Desktop\C++\大一暑校\LDRproject\LDRproject\opengl3Dmaze.cpp(1,1): warning C4828: 文件包含在偏移 0xed8 处开始的字符，该字符在当前源字符集中无效(代码页 65001)。
C:\Users\whk13\Desktop\C++\大一暑校\LDRproject\LDRproject\opengl3Dmaze.cpp(1,1): warning C4828: 文件包含在偏移 0xf0b 处开始的字符，该字符在当前源字符集中无效(代码页 65001)。
C:\Users\whk13\Desktop\C++\大一暑校\LDRproject\LDRproject\opengl3Dmaze.cpp(1,1): warning C4828: 文件包含在偏移 0xf0d 处开始的字符，该字符在当前源字符集中无效(代码页 65001)。
C:\Users\whk13\Desktop\C++\大一暑校\LDRproject\LDRproject\opengl3Dmaze.cpp(1,1): warning C4828: 文件包含在偏移 0xf11 处开始的字符，该字符在当前源字符集中无效(代码页 65001)。
C:\Users\whk13\Desktop\C++\大一暑校\LDRproject\LDRproject\opengl3Dmaze.cpp(1,1): warning C4828: 文件包含在偏移 0xf12 处开始的字符，该字符在当前源字符集中无效(代码页 65001)。
C:\Users\whk13\Desktop\C++\大一暑校\LDRproject\LDRproject\opengl3Dmaze.cpp(1,1): warning C4828: 文件包含在偏移 0xf13 处开始的字符，该字符在当前源字符集中无效(代码页 65001)。
C:\Users\whk13\Desktop\C++\大一暑校\LDRproject\LDRproject\opengl3Dmaze.cpp(1,1): warning C4828: 文件包含在偏移 0xf33 处开始的字符，该字符在当前源字符集中无效(代码页 65001)。
C:\Users\whk13\Desktop\C++\大一暑校\LDRproject\LDRproject\opengl3Dmaze.cpp(1,1): warning C4828: 文件包含在偏移 0xf34 处开始的字符，该字符在当前源字符集中无效(代码页 65001)。
C:\Users\whk13\Desktop\C++\大一暑校\LDRproject\LDRproject\opengl3Dmaze.cpp(1,1): warning C4828: 文件包含在偏移 0xf37 处开始的字符，该字符在当前源字符集中无效(代码页 65001)。
C:\Users\whk13\Desktop\C++\大一暑校\LDRproject\LDRproject\opengl3Dmaze.cpp(1,1): warning C4828: 文件包含在偏移 0xf38 处开始的字符，该字符在当前源字符集中无效(代码页 65001)。
C:\Users\whk13\Desktop\C++\大一暑校\LDRproject\LDRproject\opengl3Dmaze.cpp(1,1): warning C4828: 文件包含在偏移 0xf39 处开始的字符，该字符在当前源字符集中无效(代码页 65001)。
C:\Users\whk13\Desktop\C++\大一暑校\LDRproject\LDRproject\opengl3Dmaze.cpp(1,1): warning C4828: 文件包含在偏移 0xf3a 处开始的字符，该字符在当前源字符集中无效(代码页 65001)。
C:\Users\whk13\Desktop\C++\大一暑校\LDRproject\LDRproject\opengl3Dmaze.cpp(1,1): warning C4828: 文件包含在偏移 0xf3b 处开始的字符，该字符在当前源字符集中无效(代码页 65001)。
C:\Users\whk13\Desktop\C++\大一暑校\LDRproject\LDRproject\opengl3Dmaze.cpp(1,1): warning C4828: 文件包含在偏移 0xff8 处开始的字符，该字符在当前源字符集中无效(代码页 65001)。
C:\Users\whk13\Desktop\C++\大一暑校\LDRproject\LDRproject\opengl3Dmaze.cpp(1,1): warning C4828: 文件包含在偏移 0xff9 处开始的字符，该字符在当前源字符集中无效(代码页 65001)。
C:\Users\whk13\Desktop\C++\大一暑校\LDRproject\LDRproject\opengl3Dmaze.cpp(1,1): warning C4828: 文件包含在偏移 0xffe 处开始的字符，该字符在当前源字符集中无效(代码页 65001)。
C:\Users\whk13\Desktop\C++\大一暑校\LDRproject\LDRproject\opengl3Dmaze.cpp(1,1): warning C4828: 文件包含在偏移 0xfff 处开始的字符，该字符在当前源字符集中无效(代码页 65001)。
C:\Users\whk13\Desktop\C++\大一暑校\LDRproject\LDRproject\opengl3Dmaze.cpp(1,1): warning C4828: 文件包含在偏移 0x1000 处开始的字符，该字符在当前源字符集中无效(代码页 65001)。
C:\Users\whk13\Desktop\C++\大一暑校\LDRproject\LDRproject\opengl3Dmaze.cpp(1,1): warning C4828: 文件包含在偏移 0x1001 处开始的字符，该字符在当前源字符集中无效(代码页 65001)。
C:\Users\whk13\Desktop\C++\大一暑校\LDRproject\LDRproject\opengl3Dmaze.cpp(1,1): warning C4828: 文件包含在偏移 0x1002 处开始的字符，该字符在当前源字符集中无效(代码页 65001)。
C:\Users\whk13\Desktop\C++\大一暑校\LDRproject\LDRproject\opengl3Dmaze.cpp(1,1): warning C4828: 文件包含在偏移 0x1003 处开始的字符，该字符在当前源字符集中无效(代码页 65001)。
C:\Users\whk13\Desktop\C++\大一暑校\LDRproject\LDRproject\opengl3Dmaze.cpp(1,1): warning C4828: 文件包含在偏移 0x1073 处开始的字符，该字符在当前源字符集中无效(代码页 65001)。
C:\Users\whk13\Desktop\C++\大一暑校\LDRproject\LDRproject\opengl3Dmaze.cpp(1,1): warning C4828: 文件包含在偏移 0x1075 处开始的字符，该字符在当前源字符集中无效(代码页 65001)。
C:\Users\whk13\Desktop\C++\大一暑校\LDRproject\LDRproject\opengl3Dmaze.cpp(1,1): warning C4828: 文件包含在偏移 0x1079 处开始的字符，该字符在当前源字符集中无效(代码页 65001)。
C:\Users\whk13\Desktop\C++\大一暑校\LDRproject\LDRproject\opengl3Dmaze.cpp(1,1): warning C4828: 文件包含在偏移 0x107a 处开始的字符，该字符在当前源字符集中无效(代码页 65001)。
C:\Users\whk13\Desktop\C++\大一暑校\LDRproject\LDRproject\opengl3Dmaze.cpp(1,1): warning C4828: 文件包含在偏移 0x107b 处开始的字符，该字符在当前源字符集中无效(代码页 65001)。
C:\Users\whk13\Desktop\C++\大一暑校\LDRproject\LDRproject\opengl3Dmaze.cpp(1,1): warning C4828: 文件包含在偏移 0x109b 处开始的字符，该字符在当前源字符集中无效(代码页 65001)。
C:\Users\whk13\Desktop\C++\大一暑校\LDRproject\LDRproject\opengl3Dmaze.cpp(1,1): warning C4828: 文件包含在偏移 0x109c 处开始的字符，该字符在当前源字符集中无效(代码页 65001)。
C:\Users\whk13\Desktop\C++\大一暑校\LDRproject\LDRproject\opengl3Dmaze.cpp(1,1): warning C4828: 文件包含在偏移 0x109f 处开始的字符，该字符在当前源字符集中无效(代码页 65001)。
C:\Users\whk13\Desktop\C++\大一暑校\LDRproject\LDRproject\opengl3Dmaze.cpp(1,1): warning C4828: 文件包含在偏移 0x10a0 处开始的字符，该字符在当前源字符集中无效(代码页 65001)。
C:\Users\whk13\Desktop\C++\大一暑校\LDRproject\LDRproject\opengl3Dmaze.cpp(1,1): warning C4828: 文件包含在偏移 0x10a1 处开始的字符，该字符在当前源字符集中无效(代码页 65001)。
C:\Users\whk13\Desktop\C++\大一暑校\LDRproject\LDRproject\opengl3Dmaze.cpp(1,1): warning C4828: 文件包含在偏移 0x10a2 处开始的字符，该字符在当前源字符集中无效(代码页 65001)。
C:\Users\whk13\Desktop\C++\大一暑校\LDRproject\LDRproject\opengl3Dmaze.cpp(1,1): warning C4828: 文件包含在偏移 0x10a3 处开始的字符，该字符在当前源字符集中无效(代码页 65001)。
C:\Users\whk13\Desktop\C++\大一暑校\LDRproject\LDRproject\opengl3Dmaze.cpp(1,1): warning C4828: 文件包含在偏移 0x1125 处开始的字符，该字符在当前源字符集中无效(代码页 65001)。
C:\Users\whk13\Desktop\C++\大一暑校\LDRproject\LDRproject\opengl3Dmaze.cpp(1,1): warning C4828: 文件包含在偏移 0x1126 处开始的字符，该字符在当前源字符集中无效(代码页 65001)。
C:\Users\whk13\Desktop\C++\大一暑校\LDRproject\LDRproject\opengl3Dmaze.cpp(1,1): warning C4828: 文件包含在偏移 0x112b 处开始的字符，该字符在当前源字符集中无效(代码页 65001)。
C:\Users\whk13\Desktop\C++\大一暑校\LDRproject\LDRproject\opengl3Dmaze.cpp(1,1): warning C4828: 文件包含在偏移 0x112c 处开始的字符，该字符在当前源字符集中无效(代码页 65001)。
C:\Users\whk13\Desktop\C++\大一暑校\LDRproject\LDRproject\opengl3Dmaze.cpp(1,1): warning C4828: 文件包含在偏移 0x112d 处开始的字符，该字符在当前源字符集中无效(代码页 65001)。
C:\Users\whk13\Desktop\C++\大一暑校\LDRproject\LDRproject\opengl3Dmaze.cpp(1,1): warning C4828: 文件包含在偏移 0x112e 处开始的字符，该字符在当前源字符集中无效(代码页 65001)。
C:\Users\whk13\Desktop\C++\大一暑校\LDRproject\LDRproject\opengl3Dmaze.cpp(1,1): warning C4828: 文件包含在偏移 0x112f 处开始的字符，该字符在当前源字符集中无效(代码页 65001)。
C:\Users\whk13\Desktop\C++\大一暑校\LDRproject\LDRproject\opengl3Dmaze.cpp(1,1): warning C4828: 文件包含在偏移 0x1130 处开始的字符，该字符在当前源字符集中无效(代码页 65001)。
C:\Users\whk13\Desktop\C++\大一暑校\LDRproject\LDRproject\opengl3Dmaze.cpp(1,1): warning C4828: 文件包含在偏移 0x11a0 处开始的字符，该字符在当前源字符集中无效(代码页 65001)。
C:\Users\whk13\Desktop\C++\大一暑校\LDRproject\LDRproject\opengl3Dmaze.cpp(1,1): warning C4828: 文件包含在偏移 0x11a2 处开始的字符，该字符在当前源字符集中无效(代码页 65001)。
C:\Users\whk13\Desktop\C++\大一暑校\LDRproject\LDRproject\opengl3Dmaze.cpp(1,1): warning C4828: 文件包含在偏移 0x11a6 处开始的字符，该字符在当前源字符集中无效(代码页 65001)。
C:\Users\whk13\Desktop\C++\大一暑校\LDRproject\LDRproject\opengl3Dmaze.cpp(1,1): warning C4828: 文件包含在偏移 0x11a7 处开始的字符，该字符在当前源字符集中无效(代码页 65001)。
C:\Users\whk13\Desktop\C++\大一暑校\LDRproject\LDRproject\opengl3Dmaze.cpp(1,1): warning C4828: 文件包含在偏移 0x11a8 处开始的字符，该字符在当前源字符集中无效(代码页 65001)。
C:\Users\whk13\Desktop\C++\大一暑校\LDRproject\LDRproject\opengl3Dmaze.cpp(1,1): warning C4828: 文件包含在偏移 0x11c6 处开始的字符，该字符在当前源字符集中无效(代码页 65001)。
C:\Users\whk13\Desktop\C++\大一暑校\LDRproject\LDRproject\opengl3Dmaze.cpp(1,1): warning C4828: 文件包含在偏移 0x11c7 处开始的字符，该字符在当前源字符集中无效(代码页 65001)。
C:\Users\whk13\Desktop\C++\大一暑校\LDRproject\LDRproject\opengl3Dmaze.cpp(1,1): warning C4828: 文件包含在偏移 0x11ca 处开始的字符，该字符在当前源字符集中无效(代码页 65001)。
C:\Users\whk13\Desktop\C++\大一暑校\LDRproject\LDRproject\opengl3Dmaze.cpp(1,1): warning C4828: 文件包含在偏移 0x11cb 处开始的字符，该字符在当前源字符集中无效(代码页 65001)。
C:\Users\whk13\Desktop\C++\大一暑校\LDRproject\LDRproject\opengl3Dmaze.cpp(1,1): warning C4828: 文件包含在偏移 0x11cc 处开始的字符，该字符在当前源字符集中无效(代码页 65001)。
C:\Users\whk13\Desktop\C++\大一暑校\LDRproject\LDRproject\opengl3Dmaze.cpp(1,1): warning C4828: 文件包含在偏移 0x11cd 处开始的字符，该字符在当前源字符集中无效(代码页 65001)。
C:\Users\whk13\Desktop\C++\大一暑校\LDRproject\LDRproject\opengl3Dmaze.cpp(1,1): warning C4828: 文件包含在偏移 0x11ce 处开始的字符，该字符在当前源字符集中无效(代码页 65001)。
C:\Users\whk13\Desktop\C++\大一暑校\LDRproject\LDRproject\opengl3Dmaze.cpp(1,1): warning C4828: 文件包含在偏移 0x1252 处开始的字符，该字符在当前源字符集中无效(代码页 65001)。
C:\Users\whk13\Desktop\C++\大一暑校\LDRproject\LDRproject\opengl3Dmaze.cpp(1,1): warning C4828: 文件包含在偏移 0x1254 处开始的字符，该字符在当前源字符集中无效(代码页 65001)。
C:\Users\whk13\Desktop\C++\大一暑校\LDRproject\LDRproject\opengl3Dmaze.cpp(1,1): warning C4828: 文件包含在偏移 0x1255 处开始的字符，该字符在当前源字符集中无效(代码页 65001)。
C:\Users\whk13\Desktop\C++\大一暑校\LDRproject\LDRproject\opengl3Dmaze.cpp(1,1): warning C4828: 文件包含在偏移 0x12cd 处开始的字符，该字符在当前源字符集中无效(代码页 65001)。
C:\Users\whk13\Desktop\C++\大一暑校\LDRproject\LDRproject\opengl3Dmaze.cpp(1,1): warning C4828: 文件包含在偏移 0x12cf 处开始的字符，该字符在当前源字符集中无效(代码页 65001)。
C:\Users\whk13\Desktop\C++\大一暑校\LDRproject\LDRproject\opengl3Dmaze.cpp(1,1): warning C4828: 文件包含在偏移 0x12d1 处开始的字符，该字符在当前源字符集中无效(代码页 65001)。
C:\Users\whk13\Desktop\C++\大一暑校\LDRproject\LDRproject\opengl3Dmaze.cpp(1,1): warning C4828: 文件包含在偏移 0x12d3 处开始的字符，该字符在当前源字符集中无效(代码页 65001)。
C:\Users\whk13\Desktop\C++\大一暑校\LDRproject\LDRproject\opengl3Dmaze.cpp(1,1): warning C4828: 文件包含在偏移 0x12d5 处开始的字符，该字符在当前源字符集中无效(代码页 65001)。
C:\Users\whk13\Desktop\C++\大一暑校\LDRproject\LDRproject\opengl3Dmaze.cpp(1,1): warning C4828: 文件包含在偏移 0x12d6 处开始的字符，该字符在当前源字符集中无效(代码页 65001)。
C:\Users\whk13\Desktop\C++\大一暑校\LDRproject\LDRproject\opengl3Dmaze.cpp(1,1): warning C4828: 文件包含在偏移 0x12d7 处开始的字符，该字符在当前源字符集中无效(代码页 65001)。
C:\Users\whk13\Desktop\C++\大一暑校\LDRproject\LDRproject\opengl3Dmaze.cpp(1,1): warning C4828: 文件包含在偏移 0x12d9 处开始的字符，该字符在当前源字符集中无效(代码页 65001)。
C:\Users\whk13\Desktop\C++\大一暑校\LDRproject\LDRproject\opengl3Dmaze.cpp(1,1): warning C4828: 文件包含在偏移 0x12da 处开始的字符，该字符在当前源字符集中无效(代码页 65001)。
C:\Users\whk13\Desktop\C++\大一暑校\LDRproject\LDRproject\opengl3Dmaze.cpp(1,1): warning C4828: 文件包含在偏移 0x139c 处开始的字符，该字符在当前源字符集中无效(代码页 65001)。
C:\Users\whk13\Desktop\C++\大一暑校\LDRproject\LDRproject\opengl3Dmaze.cpp(1,1): warning C4828: 文件包含在偏移 0x139d 处开始的字符，该字符在当前源字符集中无效(代码页 65001)。
C:\Users\whk13\Desktop\C++\大一暑校\LDRproject\LDRproject\opengl3Dmaze.cpp(1,1): warning C4828: 文件包含在偏移 0x13a0 处开始的字符，该字符在当前源字符集中无效(代码页 65001)。
C:\Users\whk13\Desktop\C++\大一暑校\LDRproject\LDRproject\opengl3Dmaze.cpp(1,1): warning C4828: 文件包含在偏移 0x13a1 处开始的字符，该字符在当前源字符集中无效(代码页 65001)。
C:\Users\whk13\Desktop\C++\大一暑校\LDRproject\LDRproject\opengl3Dmaze.cpp(1,1): warning C4828: 文件包含在偏移 0x13a2 处开始的字符，该字符在当前源字符集中无效(代码页 65001)。
C:\Users\whk13\Desktop\C++\大一暑校\LDRproject\LDRproject\opengl3Dmaze.cpp(1,1): warning C4828: 文件包含在偏移 0x13a3 处开始的字符，该字符在当前源字符集中无效(代码页 65001)。
C:\Users\whk13\Desktop\C++\大一暑校\LDRproject\LDRproject\opengl3Dmaze.cpp(1,1): warning C4828: 文件包含在偏移 0x13a4 处开始的字符，该字符在当前源字符集中无效(代码页 65001)。
C:\Users\whk13\Desktop\C++\大一暑校\LDRproject\LDRproject\opengl3Dmaze.cpp(1,1): warning C4828: 文件包含在偏移 0x13a6 处开始的字符，该字符在当前源字符集中无效(代码页 65001)。
C:\Users\whk13\Desktop\C++\大一暑校\LDRproject\LDRproject\opengl3Dmaze.cpp(1,1): warning C4828: 文件包含在偏移 0x13a7 处开始的字符，该字符在当前源字符集中无效(代码页 65001)。
C:\Users\whk13\Desktop\C++\大一暑校\LDRproject\LDRproject\opengl3Dmaze.cpp(1,1): warning C4828: 文件包含在偏移 0x13a9 处开始的字符，该字符在当前源字符集中无效(代码页 65001)。
C:\Users\whk13\Desktop\C++\大一暑校\LDRproject\LDRproject\opengl3Dmaze.cpp(1,1): warning C4828: 文件包含在偏移 0x13aa 处开始的字符，该字符在当前源字符集中无效(代码页 65001)。
C:\Users\whk13\Desktop\C++\大一暑校\LDRproject\LDRproject\opengl3Dmaze.cpp(1,1): warning C4828: 文件包含在偏移 0x13ab 处开始的字符，该字符在当前源字符集中无效(代码页 65001)。
C:\Users\whk13\Desktop\C++\大一暑校\LDRproject\LDRproject\opengl3Dmaze.cpp(1,1): warning C4828: 文件包含在偏移 0x13b4 处开始的字符，该字符在当前源字符集中无效(代码页 65001)。
C:\Users\whk13\Desktop\C++\大一暑校\LDRproject\LDRproject\opengl3Dmaze.cpp(1,1): warning C4828: 文件包含在偏移 0x13b6 处开始的字符，该字符在当前源字符集中无效(代码页 65001)。
C:\Users\whk13\Desktop\C++\大一暑校\LDRproject\LDRproject\opengl3Dmaze.cpp(1,1): warning C4828: 文件包含在偏移 0x1474 处开始的字符，该字符在当前源字符集中无效(代码页 65001)。
C:\Users\whk13\Desktop\C++\大一暑校\LDRproject\LDRproject\opengl3Dmaze.cpp(1,1): warning C4828: 文件包含在偏移 0x1475 处开始的字符，该字符在当前源字符集中无效(代码页 65001)。
C:\Users\whk13\Desktop\C++\大一暑校\LDRproject\LDRproject\opengl3Dmaze.cpp(1,1): warning C4828: 文件包含在偏移 0x1476 处开始的字符，该字符在当前源字符集中无效(代码页 65001)。
C:\Users\whk13\Desktop\C++\大一暑校\LDRproject\LDRproject\opengl3Dmaze.cpp(1,1): warning C4828: 文件包含在偏移 0x1538 处开始的字符，该字符在当前源字符集中无效(代码页 65001)。
C:\Users\whk13\Desktop\C++\大一暑校\LDRproject\LDRproject\opengl3Dmaze.cpp(1,1): warning C4828: 文件包含在偏移 0x153a 处开始的字符，该字符在当前源字符集中无效(代码页 65001)。
C:\Users\whk13\Desktop\C++\大一暑校\LDRproject\LDRproject\opengl3Dmaze.cpp(1,1): warning C4828: 文件包含在偏移 0x153c 处开始的字符，该字符在当前源字符集中无效(代码页 65001)。
C:\Users\whk13\Desktop\C++\大一暑校\LDRproject\LDRproject\opengl3Dmaze.cpp(1,1): warning C4828: 文件包含在偏移 0x153e 处开始的字符，该字符在当前源字符集中无效(代码页 65001)。
C:\Users\whk13\Desktop\C++\大一暑校\LDRproject\LDRproject\opengl3Dmaze.cpp(1,1): warning C4828: 文件包含在偏移 0x153f 处开始的字符，该字符在当前源字符集中无效(代码页 65001)。
C:\Users\whk13\Desktop\C++\大一暑校\LDRproject\LDRproject\opengl3Dmaze.cpp(1,1): warning C4828: 文件包含在偏移 0x18b1 处开始的字符，该字符在当前源字符集中无效(代码页 65001)。
C:\Users\whk13\Desktop\C++\大一暑校\LDRproject\LDRproject\opengl3Dmaze.cpp(1,1): warning C4828: 文件包含在偏移 0x18b2 处开始的字符，该字符在当前源字符集中无效(代码页 65001)。
C:\Users\whk13\Desktop\C++\大一暑校\LDRproject\LDRproject\opengl3Dmaze.cpp(1,1): warning C4828: 文件包含在偏移 0x18b5 处开始的字符，该字符在当前源字符集中无效(代码页 65001)。
C:\Users\whk13\Desktop\C++\大一暑校\LDRproject\LDRproject\opengl3Dmaze.cpp(1,1): warning C4828: 文件包含在偏移 0x18b6 处开始的字符，该字符在当前源字符集中无效(代码页 65001)。
C:\Users\whk13\Desktop\C++\大一暑校\LDRproject\LDRproject\opengl3Dmaze.cpp(1,1): warning C4828: 文件包含在偏移 0x18b7 处开始的字符，该字符在当前源字符集中无效(代码页 65001)。
C:\Users\whk13\Desktop\C++\大一暑校\LDRproject\LDRproject\opengl3Dmaze.cpp(1,1): warning C4828: 文件包含在偏移 0x18b8 处开始的字符，该字符在当前源字符集中无效(代码页 65001)。
C:\Users\whk13\Desktop\C++\大一暑校\LDRproject\LDRproject\opengl3Dmaze.cpp(1,1): warning C4828: 文件包含在偏移 0x18b9 处开始的字符，该字符在当前源字符集中无效(代码页 65001)。
C:\Users\whk13\Desktop\C++\大一暑校\LDRproject\LDRproject\opengl3Dmaze.cpp(1,1): warning C4828: 文件包含在偏移 0x18bb 处开始的字符，该字符在当前源字符集中无效(代码页 65001)。
C:\Users\whk13\Desktop\C++\大一暑校\LDRproject\LDRproject\opengl3Dmaze.cpp(1,1): warning C4828: 文件包含在偏移 0x18bc 处开始的字符，该字符在当前源字符集中无效(代码页 65001)。
C:\Users\whk13\Desktop\C++\大一暑校\LDRproject\LDRproject\opengl3Dmaze.cpp(1,1): warning C4828: 文件包含在偏移 0x18be 处开始的字符，该字符在当前源字符集中无效(代码页 65001)。
C:\Users\whk13\Desktop\C++\大一暑校\LDRproject\LDRproject\opengl3Dmaze.cpp(1,1): warning C4828: 文件包含在偏移 0x18bf 处开始的字符，该字符在当前源字符集中无效(代码页 65001)。
C:\Users\whk13\Desktop\C++\大一暑校\LDRproject\LDRproject\opengl3Dmaze.cpp(1,1): warning C4828: 文件包含在偏移 0x18c0 处开始的字符，该字符在当前源字符集中无效(代码页 65001)。
C:\Users\whk13\Desktop\C++\大一暑校\LDRproject\LDRproject\opengl3Dmaze.cpp(1,1): warning C4828: 文件包含在偏移 0x18c9 处开始的字符，该字符在当前源字符集中无效(代码页 65001)。
C:\Users\whk13\Desktop\C++\大一暑校\LDRproject\LDRproject\opengl3Dmaze.cpp(1,1): warning C4828: 文件包含在偏移 0x18cb 处开始的字符，该字符在当前源字符集中无效(代码页 65001)。
C:\Users\whk13\Desktop\C++\大一暑校\LDRproject\LDRproject\opengl3Dmaze.cpp(1,1): warning C4828: 文件包含在偏移 0x1ad0 处开始的字符，该字符在当前源字符集中无效(代码页 65001)。
C:\Users\whk13\Desktop\C++\大一暑校\LDRproject\LDRproject\opengl3Dmaze.cpp(1,1): warning C4828: 文件包含在偏移 0x1ad2 处开始的字符，该字符在当前源字符集中无效(代码页 65001)。
C:\Users\whk13\Desktop\C++\大一暑校\LDRproject\LDRproject\opengl3Dmaze.cpp(1,1): warning C4828: 文件包含在偏移 0x1ad4 处开始的字符，该字符在当前源字符集中无效(代码页 65001)。
C:\Users\whk13\Desktop\C++\大一暑校\LDRproject\LDRproject\opengl3Dmaze.cpp(1,1): warning C4828: 文件包含在偏移 0x1ad7 处开始的字符，该字符在当前源字符集中无效(代码页 65001)。
C:\Users\whk13\Desktop\C++\大一暑校\LDRproject\LDRproject\opengl3Dmaze.cpp(1,1): warning C4828: 文件包含在偏移 0x1c5e 处开始的字符，该字符在当前源字符集中无效(代码页 65001)。
C:\Users\whk13\Desktop\C++\大一暑校\LDRproject\LDRproject\opengl3Dmaze.cpp(1,1): warning C4828: 文件包含在偏移 0x1c5f 处开始的字符，该字符在当前源字符集中无效(代码页 65001)。
C:\Users\whk13\Desktop\C++\大一暑校\LDRproject\LDRproject\opengl3Dmaze.cpp(1,1): warning C4828: 文件包含在偏移 0x1c60 处开始的字符，该字符在当前源字符集中无效(代码页 65001)。
C:\Users\whk13\Desktop\C++\大一暑校\LDRproject\LDRproject\opengl3Dmaze.cpp(1,1): warning C4828: 文件包含在偏移 0x1c62 处开始的字符，该字符在当前源字符集中无效(代码页 65001)。
C:\Users\whk13\Desktop\C++\大一暑校\LDRproject\LDRproject\opengl3Dmaze.cpp(1,1): warning C4828: 文件包含在偏移 0x1c65 处开始的字符，该字符在当前源字符集中无效(代码页 65001)。
C:\Users\whk13\Desktop\C++\大一暑校\LDRproject\LDRproject\opengl3Dmaze.cpp(1,1): warning C4828: 文件包含在偏移 0x1de4 处开始的字符，该字符在当前源字符集中无效(代码页 65001)。
C:\Users\whk13\Desktop\C++\大一暑校\LDRproject\LDRproject\opengl3Dmaze.cpp(1,1): warning C4828: 文件包含在偏移 0x1de5 处开始的字符，该字符在当前源字符集中无效(代码页 65001)。
C:\Users\whk13\Desktop\C++\大一暑校\LDRproject\LDRproject\opengl3Dmaze.cpp(1,1): warning C4828: 文件包含在偏移 0x1de6 处开始的字符，该字符在当前源字符集中无效(代码页 65001)。
C:\Users\whk13\Desktop\C++\大一暑校\LDRproject\LDRproject\opengl3Dmaze.cpp(1,1): warning C4828: 文件包含在偏移 0x1de7 处开始的字符，该字符在当前源字符集中无效(代码页 65001)。
C:\Users\whk13\Desktop\C++\大一暑校\LDRproject\LDRproject\opengl3Dmaze.cpp(1,1): warning C4828: 文件包含在偏移 0x1de9 处开始的字符，该字符在当前源字符集中无效(代码页 65001)。
C:\Users\whk13\Desktop\C++\大一暑校\LDRproject\LDRproject\opengl3Dmaze.cpp(1,1): warning C4828: 文件包含在偏移 0x1dea 处开始的字符，该字符在当前源字符集中无效(代码页 65001)。
C:\Users\whk13\Desktop\C++\大一暑校\LDRproject\LDRproject\opengl3Dmaze.cpp(1,1): warning C4828: 文件包含在偏移 0x1dec 处开始的字符，该字符在当前源字符集中无效(代码页 65001)。
C:\Users\whk13\Desktop\C++\大一暑校\LDRproject\LDRproject\opengl3Dmaze.cpp(1,1): warning C4828: 文件包含在偏移 0x1def 处开始的字符，该字符在当前源字符集中无效(代码页 65001)。
C:\Users\whk13\Desktop\C++\大一暑校\LDRproject\LDRproject\opengl3Dmaze.cpp(1,1): warning C4828: 文件包含在偏移 0x1df0 处开始的字符，该字符在当前源字符集中无效(代码页 65001)。
C:\Users\whk13\Desktop\C++\大一暑校\LDRproject\LDRproject\opengl3Dmaze.cpp(1,1): warning C4828: 文件包含在偏移 0x1df2 处开始的字符，该字符在当前源字符集中无效(代码页 65001)。
C:\Users\whk13\Desktop\C++\大一暑校\LDRproject\LDRproject\opengl3Dmaze.cpp(1,1): warning C4828: 文件包含在偏移 0x1df5 处开始的字符，该字符在当前源字符集中无效(代码页 65001)。
C:\Users\whk13\Desktop\C++\大一暑校\LDRproject\LDRproject\opengl3Dmaze.cpp(1,1): warning C4828: 文件包含在偏移 0x1ff6 处开始的字符，该字符在当前源字符集中无效(代码页 65001)。
C:\Users\whk13\Desktop\C++\大一暑校\LDRproject\LDRproject\opengl3Dmaze.cpp(1,1): warning C4828: 文件包含在偏移 0x1ff8 处开始的字符，该字符在当前源字符集中无效(代码页 65001)。
C:\Users\whk13\Desktop\C++\大一暑校\LDRproject\LDRproject\opengl3Dmaze.cpp(1,1): warning C4828: 文件包含在偏移 0x1ffa 处开始的字符，该字符在当前源字符集中无效(代码页 65001)。
C:\Users\whk13\Desktop\C++\大一暑校\LDRproject\LDRproject\opengl3Dmaze.cpp(1,1): warning C4828: 文件包含在偏移 0x1ffd 处开始的字符，该字符在当前源字符集中无效(代码页 65001)。
C:\Users\whk13\Desktop\C++\大一暑校\LDRproject\LDRproject\opengl3Dmaze.cpp(1,1): warning C4828: 文件包含在偏移 0x21d5 处开始的字符，该字符在当前源字符集中无效(代码页 65001)。
C:\Users\whk13\Desktop\C++\大一暑校\LDRproject\LDRproject\opengl3Dmaze.cpp(1,1): warning C4828: 文件包含在偏移 0x21d6 处开始的字符，该字符在当前源字符集中无效(代码页 65001)。
C:\Users\whk13\Desktop\C++\大一暑校\LDRproject\LDRproject\opengl3Dmaze.cpp(1,1): warning C4828: 文件包含在偏移 0x21d7 处开始的字符，该字符在当前源字符集中无效(代码页 65001)。
C:\Users\whk13\Desktop\C++\大一暑校\LDRproject\LDRproject\opengl3Dmaze.cpp(1,1): warning C4828: 文件包含在偏移 0x21d9 处开始的字符，该字符在当前源字符集中无效(代码页 65001)。
C:\Users\whk13\Desktop\C++\大一暑校\LDRproject\LDRproject\opengl3Dmaze.cpp(1,1): warning C4828: 文件包含在偏移 0x21dc 处开始的字符，该字符在当前源字符集中无效(代码页 65001)。
C:\Users\whk13\Desktop\C++\大一暑校\LDRproject\LDRproject\opengl3Dmaze.cpp(1,1): warning C4828: 文件包含在偏移 0x236d 处开始的字符，该字符在当前源字符集中无效(代码页 65001)。
C:\Users\whk13\Desktop\C++\大一暑校\LDRproject\LDRproject\opengl3Dmaze.cpp(1,1): warning C4828: 文件包含在偏移 0x236e 处开始的字符，该字符在当前源字符集中无效(代码页 65001)。
C:\Users\whk13\Desktop\C++\大一暑校\LDRproject\LDRproject\opengl3Dmaze.cpp(1,1): warning C4828: 文件包含在偏移 0x236f 处开始的字符，该字符在当前源字符集中无效(代码页 65001)。
C:\Users\whk13\Desktop\C++\大一暑校\LDRproject\LDRproject\opengl3Dmaze.cpp(1,1): warning C4828: 文件包含在偏移 0x2370 处开始的字符，该字符在当前源字符集中无效(代码页 65001)。
C:\Users\whk13\Desktop\C++\大一暑校\LDRproject\LDRproject\opengl3Dmaze.cpp(1,1): warning C4828: 文件包含在偏移 0x2372 处开始的字符，该字符在当前源字符集中无效(代码页 65001)。
C:\Users\whk13\Desktop\C++\大一暑校\LDRproject\LDRproject\opengl3Dmaze.cpp(1,1): warning C4828: 文件包含在偏移 0x2373 处开始的字符，该字符在当前源字符集中无效(代码页 65001)。
C:\Users\whk13\Desktop\C++\大一暑校\LDRproject\LDRproject\opengl3Dmaze.cpp(1,1): warning C4828: 文件包含在偏移 0x2375 处开始的字符，该字符在当前源字符集中无效(代码页 65001)。
C:\Users\whk13\Desktop\C++\大一暑校\LDRproject\LDRproject\opengl3Dmaze.cpp(1,1): warning C4828: 文件包含在偏移 0x2378 处开始的字符，该字符在当前源字符集中无效(代码页 65001)。
C:\Users\whk13\Desktop\C++\大一暑校\LDRproject\LDRproject\opengl3Dmaze.cpp(1,1): warning C4828: 文件包含在偏移 0x2379 处开始的字符，该字符在当前源字符集中无效(代码页 65001)。
C:\Users\whk13\Desktop\C++\大一暑校\LDRproject\LDRproject\opengl3Dmaze.cpp(1,1): warning C4828: 文件包含在偏移 0x237b 处开始的字符，该字符在当前源字符集中无效(代码页 65001)。
C:\Users\whk13\Desktop\C++\大一暑校\LDRproject\LDRproject\opengl3Dmaze.cpp(1,1): warning C4828: 文件包含在偏移 0x237e 处开始的字符，该字符在当前源字符集中无效(代码页 65001)。
C:\Users\whk13\Desktop\C++\大一暑校\LDRproject\LDRproject\opengl3Dmaze.h(1,1): warning C4828: 文件包含在偏移 0x2c8 处开始的字符，该字符在当前源字符集中无效(代码页 65001)。 (编译源文件 opengl3Dmaze.cpp)
C:\Users\whk13\Desktop\C++\大一暑校\LDRproject\LDRproject\opengl3Dmaze.h(1,1): warning C4828: 文件包含在偏移 0x2ca 处开始的字符，该字符在当前源字符集中无效(代码页 65001)。 (编译源文件 opengl3Dmaze.cpp)
C:\Users\whk13\Desktop\C++\大一暑校\LDRproject\LDRproject\opengl3Dmaze.h(1,1): warning C4828: 文件包含在偏移 0x2cc 处开始的字符，该字符在当前源字符集中无效(代码页 65001)。 (编译源文件 opengl3Dmaze.cpp)
C:\Users\whk13\Desktop\C++\大一暑校\LDRproject\LDRproject\opengl3Dmaze.h(1,1): warning C4828: 文件包含在偏移 0x2cd 处开始的字符，该字符在当前源字符集中无效(代码页 65001)。 (编译源文件 opengl3Dmaze.cpp)
C:\Users\whk13\Desktop\C++\大一暑校\LDRproject\LDRproject\opengl3Dmaze.h(1,1): warning C4828: 文件包含在偏移 0x2cf 处开始的字符，该字符在当前源字符集中无效(代码页 65001)。 (编译源文件 opengl3Dmaze.cpp)
C:\Users\whk13\Desktop\C++\大一暑校\LDRproject\LDRproject\opengl3Dmaze.h(1,1): warning C4828: 文件包含在偏移 0x2d0 处开始的字符，该字符在当前源字符集中无效(代码页 65001)。 (编译源文件 opengl3Dmaze.cpp)
C:\Users\whk13\Desktop\C++\大一暑校\LDRproject\LDRproject\opengl3Dmaze.h(1,1): warning C4828: 文件包含在偏移 0x2d1 处开始的字符，该字符在当前源字符集中无效(代码页 65001)。 (编译源文件 opengl3Dmaze.cpp)
C:\Users\whk13\Desktop\C++\大一暑校\LDRproject\LDRproject\opengl3Dmaze.h(1,1): warning C4828: 文件包含在偏移 0x2d2 处开始的字符，该字符在当前源字符集中无效(代码页 65001)。 (编译源文件 opengl3Dmaze.cpp)
C:\Users\whk13\Desktop\C++\大一暑校\LDRproject\LDRproject\opengl3Dmaze.h(1,1): warning C4828: 文件包含在偏移 0x2d4 处开始的字符，该字符在当前源字符集中无效(代码页 65001)。 (编译源文件 opengl3Dmaze.cpp)
C:\Users\whk13\Desktop\C++\大一暑校\LDRproject\LDRproject\opengl3Dmaze.h(1,1): warning C4828: 文件包含在偏移 0x2d7 处开始的字符，该字符在当前源字符集中无效(代码页 65001)。 (编译源文件 opengl3Dmaze.cpp)
C:\Users\whk13\Desktop\C++\大一暑校\LDRproject\LDRproject\opengl3Dmaze.h(1,1): warning C4828: 文件包含在偏移 0x2d9 处开始的字符，该字符在当前源字符集中无效(代码页 65001)。 (编译源文件 opengl3Dmaze.cpp)
C:\Users\whk13\Desktop\C++\大一暑校\LDRproject\LDRproject\opengl3Dmaze.h(1,1): warning C4828: 文件包含在偏移 0x2da 处开始的字符，该字符在当前源字符集中无效(代码页 65001)。 (编译源文件 opengl3Dmaze.cpp)
C:\Users\whk13\Desktop\C++\大一暑校\LDRproject\LDRproject\opengl3Dmaze.h(1,1): warning C4828: 文件包含在偏移 0x2db 处开始的字符，该字符在当前源字符集中无效(代码页 65001)。 (编译源文件 opengl3Dmaze.cpp)
C:\Users\whk13\Desktop\C++\大一暑校\LDRproject\LDRproject\translatetext.h(1,1): warning C4828: 文件包含在偏移 0x18f 处开始的字符，该字符在当前源字符集中无效(代码页 65001)。 (编译源文件 mazedata.cpp)
C:\Users\whk13\Desktop\C++\大一暑校\LDRproject\LDRproject\translatetext.h(1,1): warning C4828: 文件包含在偏移 0x190 处开始的字符，该字符在当前源字符集中无效(代码页 65001)。 (编译源文件 mazedata.cpp)
C:\Users\whk13\Desktop\C++\大一暑校\LDRproject\LDRproject\translatetext.h(1,1): warning C4828: 文件包含在偏移 0x191 处开始的字符，该字符在当前源字符集中无效(代码页 65001)。 (编译源文件 mazedata.cpp)
C:\Users\whk13\Desktop\C++\大一暑校\LDRproject\LDRproject\translatetext.h(1,1): warning C4828: 文件包含在偏移 0x194 处开始的字符，该字符在当前源字符集中无效(代码页 65001)。 (编译源文件 mazedata.cpp)
C:\Users\whk13\Desktop\C++\大一暑校\LDRproject\LDRproject\translatetext.h(1,1): warning C4828: 文件包含在偏移 0x1d6 处开始的字符，该字符在当前源字符集中无效(代码页 65001)。 (编译源文件 mazedata.cpp)
C:\Users\whk13\Desktop\C++\大一暑校\LDRproject\LDRproject\translatetext.h(1,1): warning C4828: 文件包含在偏移 0x1d8 处开始的字符，该字符在当前源字符集中无效(代码页 65001)。 (编译源文件 mazedata.cpp)
C:\Users\whk13\Desktop\C++\大一暑校\LDRproject\LDRproject\translatetext.h(1,1): warning C4828: 文件包含在偏移 0x1d9 处开始的字符，该字符在当前源字符集中无效(代码页 65001)。 (编译源文件 mazedata.cpp)
C:\Users\whk13\Desktop\C++\大一暑校\LDRproject\LDRproject\translatetext.h(1,1): warning C4828: 文件包含在偏移 0x1db 处开始的字符，该字符在当前源字符集中无效(代码页 65001)。 (编译源文件 mazedata.cpp)
C:\Users\whk13\Desktop\C++\大一暑校\LDRproject\LDRproject\translatetext.h(1,1): warning C4828: 文件包含在偏移 0x1dd 处开始的字符，该字符在当前源字符集中无效(代码页 65001)。 (编译源文件 mazedata.cpp)
C:\Users\whk13\Desktop\C++\大一暑校\LDRproject\LDRproject\translatetext.h(1,1): warning C4828: 文件包含在偏移 0x1de 处开始的字符，该字符在当前源字符集中无效(代码页 65001)。 (编译源文件 mazedata.cpp)
C:\Users\whk13\Desktop\C++\大一暑校\LDRproject\LDRproject\translatetext.h(1,1): warning C4828: 文件包含在偏移 0x1e0 处开始的字符，该字符在当前源字符集中无效(代码页 65001)。 (编译源文件 mazedata.cpp)
C:\Users\whk13\Desktop\C++\大一暑校\LDRproject\LDRproject\translatetext.h(1,1): warning C4828: 文件包含在偏移 0x1e1 处开始的字符，该字符在当前源字符集中无效(代码页 65001)。 (编译源文件 mazedata.cpp)
C:\Users\whk13\Desktop\C++\大一暑校\LDRproject\LDRproject\translatetext.h(1,1): warning C4828: 文件包含在偏移 0x1e2 处开始的字符，该字符在当前源字符集中无效(代码页 65001)。 (编译源文件 mazedata.cpp)
C:\Users\whk13\Desktop\C++\大一暑校\LDRproject\LDRproject\translatetext.h(1,1): warning C4828: 文件包含在偏移 0x1e3 处开始的字符，该字符在当前源字符集中无效(代码页 65001)。 (编译源文件 mazedata.cpp)
C:\Users\whk13\Desktop\C++\大一暑校\LDRproject\LDRproject\translatetext.h(1,1): warning C4828: 文件包含在偏移 0x283 处开始的字符，该字符在当前源字符集中无效(代码页 65001)。 (编译源文件 mazedata.cpp)
C:\Users\whk13\Desktop\C++\大一暑校\LDRproject\LDRproject\translatetext.h(1,1): warning C4828: 文件包含在偏移 0x285 处开始的字符，该字符在当前源字符集中无效(代码页 65001)。 (编译源文件 mazedata.cpp)
C:\Users\whk13\Desktop\C++\大一暑校\LDRproject\LDRproject\translatetext.h(1,1): warning C4828: 文件包含在偏移 0x286 处开始的字符，该字符在当前源字符集中无效(代码页 65001)。 (编译源文件 mazedata.cpp)
C:\Users\whk13\Desktop\C++\大一暑校\LDRproject\LDRproject\translatetext.h(1,1): warning C4828: 文件包含在偏移 0x288 处开始的字符，该字符在当前源字符集中无效(代码页 65001)。 (编译源文件 mazedata.cpp)
C:\Users\whk13\Desktop\C++\大一暑校\LDRproject\LDRproject\translatetext.h(1,1): warning C4828: 文件包含在偏移 0x289 处开始的字符，该字符在当前源字符集中无效(代码页 65001)。 (编译源文件 mazedata.cpp)
C:\Users\whk13\Desktop\C++\大一暑校\LDRproject\LDRproject\translatetext.h(1,1): warning C4828: 文件包含在偏移 0x28a 处开始的字符，该字符在当前源字符集中无效(代码页 65001)。 (编译源文件 mazedata.cpp)
C:\Users\whk13\Desktop\C++\大一暑校\LDRproject\LDRproject\translatetext.h(1,1): warning C4828: 文件包含在偏移 0x28e 处开始的字符，该字符在当前源字符集中无效(代码页 65001)。 (编译源文件 mazedata.cpp)
C:\Users\whk13\Desktop\C++\大一暑校\LDRproject\LDRproject\translatetext.h(1,1): warning C4828: 文件包含在偏移 0x292 处开始的字符，该字符在当前源字符集中无效(代码页 65001)。 (编译源文件 mazedata.cpp)
C:\Users\whk13\Desktop\C++\大一暑校\LDRproject\LDRproject\translatetext.h(1,1): warning C4828: 文件包含在偏移 0x40e 处开始的字符，该字符在当前源字符集中无效(代码页 65001)。 (编译源文件 mazedata.cpp)
C:\Users\whk13\Desktop\C++\大一暑校\LDRproject\LDRproject\translatetext.h(1,1): warning C4828: 文件包含在偏移 0x410 处开始的字符，该字符在当前源字符集中无效(代码页 65001)。 (编译源文件 mazedata.cpp)
C:\Users\whk13\Desktop\C++\大一暑校\LDRproject\LDRproject\translatetext.h(1,1): warning C4828: 文件包含在偏移 0x411 处开始的字符，该字符在当前源字符集中无效(代码页 65001)。 (编译源文件 mazedata.cpp)
C:\Users\whk13\Desktop\C++\大一暑校\LDRproject\LDRproject\translatetext.h(1,1): warning C4828: 文件包含在偏移 0x415 处开始的字符，该字符在当前源字符集中无效(代码页 65001)。 (编译源文件 mazedata.cpp)
C:\Users\whk13\Desktop\C++\大一暑校\LDRproject\LDRproject\translatetext.h(1,1): warning C4828: 文件包含在偏移 0x416 处开始的字符，该字符在当前源字符集中无效(代码页 65001)。 (编译源文件 mazedata.cpp)
C:\Users\whk13\Desktop\C++\大一暑校\LDRproject\LDRproject\translatetext.h(1,1): warning C4828: 文件包含在偏移 0x417 处开始的字符，该字符在当前源字符集中无效(代码页 65001)。 (编译源文件 mazedata.cpp)
C:\Users\whk13\Desktop\C++\大一暑校\LDRproject\LDRproject\translatetext.h(1,1): warning C4828: 文件包含在偏移 0x418 处开始的字符，该字符在当前源字符集中无效(代码页 65001)。 (编译源文件 mazedata.cpp)
C:\Users\whk13\Desktop\C++\大一暑校\LDRproject\LDRproject\translatetext.h(1,1): warning C4828: 文件包含在偏移 0x41a 处开始的字符，该字符在当前源字符集中无效(代码页 65001)。 (编译源文件 mazedata.cpp)
C:\Users\whk13\Desktop\C++\大一暑校\LDRproject\LDRproject\translatetext.h(1,1): warning C4828: 文件包含在偏移 0x41b 处开始的字符，该字符在当前源字符集中无效(代码页 65001)。 (编译源文件 mazedata.cpp)
C:\Users\whk13\Desktop\C++\大一暑校\LDRproject\LDRproject\translatetext.h(1,1): warning C4828: 文件包含在偏移 0x41f 处开始的字符，该字符在当前源字符集中无效(代码页 65001)。 (编译源文件 mazedata.cpp)
C:\Users\whk13\Desktop\C++\大一暑校\LDRproject\LDRproject\translatetext.h(1,1): warning C4828: 文件包含在偏移 0x4a5 处开始的字符，该字符在当前源字符集中无效(代码页 65001)。 (编译源文件 mazedata.cpp)
C:\Users\whk13\Desktop\C++\大一暑校\LDRproject\LDRproject\translatetext.h(1,1): warning C4828: 文件包含在偏移 0x4a7 处开始的字符，该字符在当前源字符集中无效(代码页 65001)。 (编译源文件 mazedata.cpp)
C:\Users\whk13\Desktop\C++\大一暑校\LDRproject\LDRproject\translatetext.h(1,1): warning C4828: 文件包含在偏移 0x4a9 处开始的字符，该字符在当前源字符集中无效(代码页 65001)。 (编译源文件 mazedata.cpp)
C:\Users\whk13\Desktop\C++\大一暑校\LDRproject\LDRproject\translatetext.h(1,1): warning C4828: 文件包含在偏移 0x4aa 处开始的字符，该字符在当前源字符集中无效(代码页 65001)。 (编译源文件 mazedata.cpp)
C:\Users\whk13\Desktop\C++\大一暑校\LDRproject\LDRproject\translatetext.h(1,1): warning C4828: 文件包含在偏移 0x4ae 处开始的字符，该字符在当前源字符集中无效(代码页 65001)。 (编译源文件 mazedata.cpp)
C:\Users\whk13\Desktop\C++\大一暑校\LDRproject\LDRproject\translatetext.h(1,1): warning C4828: 文件包含在偏移 0x4b0 处开始的字符，该字符在当前源字符集中无效(代码页 65001)。 (编译源文件 mazedata.cpp)
C:\Users\whk13\Desktop\C++\大一暑校\LDRproject\LDRproject\translatetext.h(1,1): warning C4828: 文件包含在偏移 0x4b2 处开始的字符，该字符在当前源字符集中无效(代码页 65001)。 (编译源文件 mazedata.cpp)
C:\Users\whk13\Desktop\C++\大一暑校\LDRproject\LDRproject\translatetext.h(1,1): warning C4828: 文件包含在偏移 0x4b3 处开始的字符，该字符在当前源字符集中无效(代码页 65001)。 (编译源文件 mazedata.cpp)
C:\Users\whk13\Desktop\C++\大一暑校\LDRproject\LDRproject\translatetext.h(1,1): warning C4828: 文件包含在偏移 0x4b4 处开始的字符，该字符在当前源字符集中无效(代码页 65001)。 (编译源文件 mazedata.cpp)
C:\Users\whk13\Desktop\C++\大一暑校\LDRproject\LDRproject\translatetext.h(1,1): warning C4828: 文件包含在偏移 0x4b5 处开始的字符，该字符在当前源字符集中无效(代码页 65001)。 (编译源文件 mazedata.cpp)
C:\Users\whk13\Desktop\C++\大一暑校\LDRproject\LDRproject\translatetext.h(1,1): warning C4828: 文件包含在偏移 0x4b6 处开始的字符，该字符在当前源字符集中无效(代码页 65001)。 (编译源文件 mazedata.cpp)
C:\Users\whk13\Desktop\C++\大一暑校\LDRproject\LDRproject\translatetext.h(1,1): warning C4828: 文件包含在偏移 0x517 处开始的字符，该字符在当前源字符集中无效(代码页 65001)。 (编译源文件 mazedata.cpp)
C:\Users\whk13\Desktop\C++\大一暑校\LDRproject\LDRproject\translatetext.h(1,1): warning C4828: 文件包含在偏移 0x519 处开始的字符，该字符在当前源字符集中无效(代码页 65001)。 (编译源文件 mazedata.cpp)
C:\Users\whk13\Desktop\C++\大一暑校\LDRproject\LDRproject\translatetext.h(1,1): warning C4828: 文件包含在偏移 0x51d 处开始的字符，该字符在当前源字符集中无效(代码页 65001)。 (编译源文件 mazedata.cpp)
C:\Users\whk13\Desktop\C++\大一暑校\LDRproject\LDRproject\translatetext.h(1,1): warning C4828: 文件包含在偏移 0x51e 处开始的字符，该字符在当前源字符集中无效(代码页 65001)。 (编译源文件 mazedata.cpp)
C:\Users\whk13\Desktop\C++\大一暑校\LDRproject\LDRproject\translatetext.h(1,1): warning C4828: 文件包含在偏移 0x522 处开始的字符，该字符在当前源字符集中无效(代码页 65001)。 (编译源文件 mazedata.cpp)
C:\Users\whk13\Desktop\C++\大一暑校\LDRproject\LDRproject\translatetext.h(1,1): warning C4828: 文件包含在偏移 0x528 处开始的字符，该字符在当前源字符集中无效(代码页 65001)。 (编译源文件 mazedata.cpp)
C:\Users\whk13\Desktop\C++\大一暑校\LDRproject\LDRproject\translatetext.h(1,1): warning C4828: 文件包含在偏移 0x529 处开始的字符，该字符在当前源字符集中无效(代码页 65001)。 (编译源文件 mazedata.cpp)
C:\Users\whk13\Desktop\C++\大一暑校\LDRproject\LDRproject\translatetext.h(1,1): warning C4828: 文件包含在偏移 0x52a 处开始的字符，该字符在当前源字符集中无效(代码页 65001)。 (编译源文件 mazedata.cpp)
C:\Users\whk13\Desktop\C++\大一暑校\LDRproject\LDRproject\translatetext.h(1,1): warning C4828: 文件包含在偏移 0x604 处开始的字符，该字符在当前源字符集中无效(代码页 65001)。 (编译源文件 mazedata.cpp)
C:\Users\whk13\Desktop\C++\大一暑校\LDRproject\LDRproject\translatetext.h(1,1): warning C4828: 文件包含在偏移 0x605 处开始的字符，该字符在当前源字符集中无效(代码页 65001)。 (编译源文件 mazedata.cpp)
C:\Users\whk13\Desktop\C++\大一暑校\LDRproject\LDRproject\translatetext.h(1,1): warning C4828: 文件包含在偏移 0x60b 处开始的字符，该字符在当前源字符集中无效(代码页 65001)。 (编译源文件 mazedata.cpp)
C:\Users\whk13\Desktop\C++\大一暑校\LDRproject\LDRproject\translatetext.h(1,1): warning C4828: 文件包含在偏移 0x60c 处开始的字符，该字符在当前源字符集中无效(代码页 65001)。 (编译源文件 mazedata.cpp)
C:\Users\whk13\Desktop\C++\大一暑校\LDRproject\LDRproject\translatetext.h(1,1): warning C4828: 文件包含在偏移 0x60e 处开始的字符，该字符在当前源字符集中无效(代码页 65001)。 (编译源文件 mazedata.cpp)
C:\Users\whk13\Desktop\C++\大一暑校\LDRproject\LDRproject\translatetext.h(1,1): warning C4828: 文件包含在偏移 0x60f 处开始的字符，该字符在当前源字符集中无效(代码页 65001)。 (编译源文件 mazedata.cpp)
C:\Users\whk13\Desktop\C++\大一暑校\LDRproject\LDRproject\translatetext.h(1,1): warning C4828: 文件包含在偏移 0x610 处开始的字符，该字符在当前源字符集中无效(代码页 65001)。 (编译源文件 mazedata.cpp)
C:\Users\whk13\Desktop\C++\大一暑校\LDRproject\LDRproject\translatetext.h(1,1): warning C4828: 文件包含在偏移 0x611 处开始的字符，该字符在当前源字符集中无效(代码页 65001)。 (编译源文件 mazedata.cpp)
C:\Users\whk13\Desktop\C++\大一暑校\LDRproject\LDRproject\translatetext.h(1,1): warning C4828: 文件包含在偏移 0x612 处开始的字符，该字符在当前源字符集中无效(代码页 65001)。 (编译源文件 mazedata.cpp)
C:\Users\whk13\Desktop\C++\大一暑校\LDRproject\LDRproject\translatetext.h(1,1): warning C4828: 文件包含在偏移 0x613 处开始的字符，该字符在当前源字符集中无效(代码页 65001)。 (编译源文件 mazedata.cpp)
C:\Users\whk13\Desktop\C++\大一暑校\LDRproject\LDRproject\translatetext.h(1,1): warning C4828: 文件包含在偏移 0x666 处开始的字符，该字符在当前源字符集中无效(代码页 65001)。 (编译源文件 mazedata.cpp)
C:\Users\whk13\Desktop\C++\大一暑校\LDRproject\LDRproject\translatetext.h(1,1): warning C4828: 文件包含在偏移 0x667 处开始的字符，该字符在当前源字符集中无效(代码页 65001)。 (编译源文件 mazedata.cpp)
C:\Users\whk13\Desktop\C++\大一暑校\LDRproject\LDRproject\translatetext.h(1,1): warning C4828: 文件包含在偏移 0x668 处开始的字符，该字符在当前源字符集中无效(代码页 65001)。 (编译源文件 mazedata.cpp)
C:\Users\whk13\Desktop\C++\大一暑校\LDRproject\LDRproject\translatetext.h(1,1): warning C4828: 文件包含在偏移 0x66b 处开始的字符，该字符在当前源字符集中无效(代码页 65001)。 (编译源文件 mazedata.cpp)
C:\Users\whk13\Desktop\C++\大一暑校\LDRproject\LDRproject\translatetext.h(1,1): warning C4828: 文件包含在偏移 0x66e 处开始的字符，该字符在当前源字符集中无效(代码页 65001)。 (编译源文件 mazedata.cpp)
C:\Users\whk13\Desktop\C++\大一暑校\LDRproject\LDRproject\translatetext.h(1,1): warning C4828: 文件包含在偏移 0x670 处开始的字符，该字符在当前源字符集中无效(代码页 65001)。 (编译源文件 mazedata.cpp)
C:\Users\whk13\Desktop\C++\大一暑校\LDRproject\LDRproject\translatetext.h(1,1): warning C4828: 文件包含在偏移 0x671 处开始的字符，该字符在当前源字符集中无效(代码页 65001)。 (编译源文件 mazedata.cpp)
C:\Users\whk13\Desktop\C++\大一暑校\LDRproject\LDRproject\translatetext.h(1,1): warning C4828: 文件包含在偏移 0x672 处开始的字符，该字符在当前源字符集中无效(代码页 65001)。 (编译源文件 mazedata.cpp)
C:\Users\whk13\Desktop\C++\大一暑校\LDRproject\LDRproject\translatetext.h(1,1): warning C4828: 文件包含在偏移 0x673 处开始的字符，该字符在当前源字符集中无效(代码页 65001)。 (编译源文件 mazedata.cpp)
C:\Users\whk13\Desktop\C++\大一暑校\LDRproject\LDRproject\translatetext.h(1,1): warning C4828: 文件包含在偏移 0x6ef 处开始的字符，该字符在当前源字符集中无效(代码页 65001)。 (编译源文件 mazedata.cpp)
C:\Users\whk13\Desktop\C++\大一暑校\LDRproject\LDRproject\translatetext.h(1,1): warning C4828: 文件包含在偏移 0x6f0 处开始的字符，该字符在当前源字符集中无效(代码页 65001)。 (编译源文件 mazedata.cpp)
C:\Users\whk13\Desktop\C++\大一暑校\LDRproject\LDRproject\translatetext.h(1,1): warning C4828: 文件包含在偏移 0xa1b 处开始的字符，该字符在当前源字符集中无效(代码页 65001)。 (编译源文件 mazedata.cpp)
C:\Users\whk13\Desktop\C++\大一暑校\LDRproject\LDRproject\translatetext.h(1,1): warning C4828: 文件包含在偏移 0xa1c 处开始的字符，该字符在当前源字符集中无效(代码页 65001)。 (编译源文件 mazedata.cpp)
C:\Users\whk13\Desktop\C++\大一暑校\LDRproject\LDRproject\translatetext.h(1,1): warning C4828: 文件包含在偏移 0xb08 处开始的字符，该字符在当前源字符集中无效(代码页 65001)。 (编译源文件 mazedata.cpp)
C:\Users\whk13\Desktop\C++\大一暑校\LDRproject\LDRproject\translatetext.h(1,1): warning C4828: 文件包含在偏移 0xb09 处开始的字符，该字符在当前源字符集中无效(代码页 65001)。 (编译源文件 mazedata.cpp)
C:\Users\whk13\Desktop\C++\大一暑校\LDRproject\LDRproject\translatetext.h(1,1): warning C4828: 文件包含在偏移 0xb0a 处开始的字符，该字符在当前源字符集中无效(代码页 65001)。 (编译源文件 mazedata.cpp)
C:\Users\whk13\Desktop\C++\大一暑校\LDRproject\LDRproject\translatetext.h(1,1): warning C4828: 文件包含在偏移 0xb0b 处开始的字符，该字符在当前源字符集中无效(代码页 65001)。 (编译源文件 mazedata.cpp)
C:\Users\whk13\Desktop\C++\大一暑校\LDRproject\LDRproject\translatetext.h(1,1): warning C4828: 文件包含在偏移 0xb0d 处开始的字符，该字符在当前源字符集中无效(代码页 65001)。 (编译源文件 mazedata.cpp)
C:\Users\whk13\Desktop\C++\大一暑校\LDRproject\LDRproject\translatetext.h(1,1): warning C4828: 文件包含在偏移 0xb0f 处开始的字符，该字符在当前源字符集中无效(代码页 65001)。 (编译源文件 mazedata.cpp)
C:\Users\whk13\Desktop\C++\大一暑校\LDRproject\LDRproject\translatetext.h(1,1): warning C4828: 文件包含在偏移 0xb13 处开始的字符，该字符在当前源字符集中无效(代码页 65001)。 (编译源文件 mazedata.cpp)
C:\Users\whk13\Desktop\C++\大一暑校\LDRproject\LDRproject\translatetext.h(1,1): warning C4828: 文件包含在偏移 0xb14 处开始的字符，该字符在当前源字符集中无效(代码页 65001)。 (编译源文件 mazedata.cpp)
C:\Users\whk13\Desktop\C++\大一暑校\LDRproject\LDRproject\translatetext.h(1,1): warning C4828: 文件包含在偏移 0xdba 处开始的字符，该字符在当前源字符集中无效(代码页 65001)。 (编译源文件 mazedata.cpp)
C:\Users\whk13\Desktop\C++\大一暑校\LDRproject\LDRproject\translatetext.h(1,1): warning C4828: 文件包含在偏移 0xdbe 处开始的字符，该字符在当前源字符集中无效(代码页 65001)。 (编译源文件 mazedata.cpp)
C:\Users\whk13\Desktop\C++\大一暑校\LDRproject\LDRproject\translatetext.h(1,1): warning C4828: 文件包含在偏移 0xdc0 处开始的字符，该字符在当前源字符集中无效(代码页 65001)。 (编译源文件 mazedata.cpp)
C:\Users\whk13\Desktop\C++\大一暑校\LDRproject\LDRproject\translatetext.h(1,1): warning C4828: 文件包含在偏移 0xdc2 处开始的字符，该字符在当前源字符集中无效(代码页 65001)。 (编译源文件 mazedata.cpp)
C:\Users\whk13\Desktop\C++\大一暑校\LDRproject\LDRproject\translatetext.h(1,1): warning C4828: 文件包含在偏移 0xdc3 处开始的字符，该字符在当前源字符集中无效(代码页 65001)。 (编译源文件 mazedata.cpp)
C:\Users\whk13\Desktop\C++\大一暑校\LDRproject\LDRproject\translatetext.h(1,1): warning C4828: 文件包含在偏移 0xdc4 处开始的字符，该字符在当前源字符集中无效(代码页 65001)。 (编译源文件 mazedata.cpp)
C:\Users\whk13\Desktop\C++\大一暑校\LDRproject\LDRproject\translatetext.h(1,1): warning C4828: 文件包含在偏移 0xdc6 处开始的字符，该字符在当前源字符集中无效(代码页 65001)。 (编译源文件 mazedata.cpp)
C:\Users\whk13\Desktop\C++\大一暑校\LDRproject\LDRproject\translatetext.h(1,1): warning C4828: 文件包含在偏移 0xdc7 处开始的字符，该字符在当前源字符集中无效(代码页 65001)。 (编译源文件 mazedata.cpp)
C:\Users\whk13\Desktop\C++\大一暑校\LDRproject\LDRproject\translatetext.h(1,1): warning C4828: 文件包含在偏移 0xdc9 处开始的字符，该字符在当前源字符集中无效(代码页 65001)。 (编译源文件 mazedata.cpp)
C:\Users\whk13\Desktop\C++\大一暑校\LDRproject\LDRproject\translatetext.h(1,1): warning C4828: 文件包含在偏移 0xdca 处开始的字符，该字符在当前源字符集中无效(代码页 65001)。 (编译源文件 mazedata.cpp)
C:\Users\whk13\Desktop\C++\大一暑校\LDRproject\LDRproject\translatetext.h(1,1): warning C4828: 文件包含在偏移 0xdcb 处开始的字符，该字符在当前源字符集中无效(代码页 65001)。 (编译源文件 mazedata.cpp)
C:\Users\whk13\Desktop\C++\大一暑校\LDRproject\LDRproject\translatetext.h(1,1): warning C4828: 文件包含在偏移 0xdcf 处开始的字符，该字符在当前源字符集中无效(代码页 65001)。 (编译源文件 mazedata.cpp)
C:\Users\whk13\Desktop\C++\大一暑校\LDRproject\LDRproject\translatetext.h(1,1): warning C4828: 文件包含在偏移 0xdd0 处开始的字符，该字符在当前源字符集中无效(代码页 65001)。 (编译源文件 mazedata.cpp)
C:\Users\whk13\Desktop\C++\大一暑校\LDRproject\LDRproject\translatetext.h(1,1): warning C4828: 文件包含在偏移 0xdd1 处开始的字符，该字符在当前源字符集中无效(代码页 65001)。 (编译源文件 mazedata.cpp)
C:\Users\whk13\Desktop\C++\大一暑校\LDRproject\LDRproject\translatetext.h(1,1): warning C4828: 文件包含在偏移 0xdd2 处开始的字符，该字符在当前源字符集中无效(代码页 65001)。 (编译源文件 mazedata.cpp)
C:\Users\whk13\Desktop\C++\大一暑校\LDRproject\LDRproject\translatetext.h(1,1): warning C4828: 文件包含在偏移 0xdd3 处开始的字符，该字符在当前源字符集中无效(代码页 65001)。 (编译源文件 mazedata.cpp)
C:\Users\whk13\Desktop\C++\大一暑校\LDRproject\LDRproject\translatetext.h(1,1): warning C4828: 文件包含在偏移 0xe2b 处开始的字符，该字符在当前源字符集中无效(代码页 65001)。 (编译源文件 mazedata.cpp)
C:\Users\whk13\Desktop\C++\大一暑校\LDRproject\LDRproject\translatetext.h(1,1): warning C4828: 文件包含在偏移 0xe4a 处开始的字符，该字符在当前源字符集中无效(代码页 65001)。 (编译源文件 mazedata.cpp)
C:\Users\whk13\Desktop\C++\大一暑校\LDRproject\LDRproject\translatetext.h(1,1): warning C4828: 文件包含在偏移 0xe4b 处开始的字符，该字符在当前源字符集中无效(代码页 65001)。 (编译源文件 mazedata.cpp)
C:\Users\whk13\Desktop\C++\大一暑校\LDRproject\LDRproject\translatetext.h(1,1): warning C4828: 文件包含在偏移 0xe4d 处开始的字符，该字符在当前源字符集中无效(代码页 65001)。 (编译源文件 mazedata.cpp)
C:\Users\whk13\Desktop\C++\大一暑校\LDRproject\LDRproject\translatetext.h(1,1): warning C4828: 文件包含在偏移 0xe50 处开始的字符，该字符在当前源字符集中无效(代码页 65001)。 (编译源文件 mazedata.cpp)
C:\Users\whk13\Desktop\C++\大一暑校\LDRproject\LDRproject\translatetext.h(1,1): warning C4828: 文件包含在偏移 0x101a 处开始的字符，该字符在当前源字符集中无效(代码页 65001)。 (编译源文件 mazedata.cpp)
C:\Users\whk13\Desktop\C++\大一暑校\LDRproject\LDRproject\translatetext.h(1,1): warning C4828: 文件包含在偏移 0x101c 处开始的字符，该字符在当前源字符集中无效(代码页 65001)。 (编译源文件 mazedata.cpp)
C:\Users\whk13\Desktop\C++\大一暑校\LDRproject\LDRproject\translatetext.h(1,1): warning C4828: 文件包含在偏移 0x101d 处开始的字符，该字符在当前源字符集中无效(代码页 65001)。 (编译源文件 mazedata.cpp)
C:\Users\whk13\Desktop\C++\大一暑校\LDRproject\LDRproject\translatetext.h(1,1): warning C4828: 文件包含在偏移 0x1055 处开始的字符，该字符在当前源字符集中无效(代码页 65001)。 (编译源文件 mazedata.cpp)
C:\Users\whk13\Desktop\C++\大一暑校\LDRproject\LDRproject\translatetext.h(1,1): warning C4828: 文件包含在偏移 0x1056 处开始的字符，该字符在当前源字符集中无效(代码页 65001)。 (编译源文件 mazedata.cpp)
C:\Users\whk13\Desktop\C++\大一暑校\LDRproject\LDRproject\translatetext.h(1,1): warning C4828: 文件包含在偏移 0x1058 处开始的字符，该字符在当前源字符集中无效(代码页 65001)。 (编译源文件 mazedata.cpp)
C:\Users\whk13\Desktop\C++\大一暑校\LDRproject\LDRproject\translatetext.h(1,1): warning C4828: 文件包含在偏移 0x105e 处开始的字符，该字符在当前源字符集中无效(代码页 65001)。 (编译源文件 mazedata.cpp)
C:\Users\whk13\Desktop\C++\大一暑校\LDRproject\LDRproject\translatetext.h(1,1): warning C4828: 文件包含在偏移 0x1141 处开始的字符，该字符在当前源字符集中无效(代码页 65001)。 (编译源文件 mazedata.cpp)
C:\Users\whk13\Desktop\C++\大一暑校\LDRproject\LDRproject\translatetext.h(1,1): warning C4828: 文件包含在偏移 0x1142 处开始的字符，该字符在当前源字符集中无效(代码页 65001)。 (编译源文件 mazedata.cpp)
C:\Users\whk13\Desktop\C++\大一暑校\LDRproject\LDRproject\translatetext.h(1,1): warning C4828: 文件包含在偏移 0x11a3 处开始的字符，该字符在当前源字符集中无效(代码页 65001)。 (编译源文件 mazedata.cpp)
C:\Users\whk13\Desktop\C++\大一暑校\LDRproject\LDRproject\translatetext.h(1,1): warning C4828: 文件包含在偏移 0x11a4 处开始的字符，该字符在当前源字符集中无效(代码页 65001)。 (编译源文件 mazedata.cpp)
C:\Users\whk13\Desktop\C++\大一暑校\LDRproject\LDRproject\translatetext.h(1,1): warning C4828: 文件包含在偏移 0x11a5 处开始的字符，该字符在当前源字符集中无效(代码页 65001)。 (编译源文件 mazedata.cpp)
C:\Users\whk13\Desktop\C++\大一暑校\LDRproject\LDRproject\translatetext.h(1,1): warning C4828: 文件包含在偏移 0x11a7 处开始的字符，该字符在当前源字符集中无效(代码页 65001)。 (编译源文件 mazedata.cpp)
C:\Users\whk13\Desktop\C++\大一暑校\LDRproject\LDRproject\translatetext.h(1,1): warning C4828: 文件包含在偏移 0x11a8 处开始的字符，该字符在当前源字符集中无效(代码页 65001)。 (编译源文件 mazedata.cpp)
C:\Users\whk13\Desktop\C++\大一暑校\LDRproject\LDRproject\translatetext.h(1,1): warning C4828: 文件包含在偏移 0x11ab 处开始的字符，该字符在当前源字符集中无效(代码页 65001)。 (编译源文件 mazedata.cpp)
C:\Users\whk13\Desktop\C++\大一暑校\LDRproject\LDRproject\translatetext.h(1,1): warning C4828: 文件包含在偏移 0x11ad 处开始的字符，该字符在当前源字符集中无效(代码页 65001)。 (编译源文件 mazedata.cpp)
C:\Users\whk13\Desktop\C++\大一暑校\LDRproject\LDRproject\translatetext.h(140): warning C4715: “decoder”: 不是所有的控件路径都返回值
C:\Users\whk13\Desktop\C++\大一暑校\LDRproject\LDRproject\opengl3Dmaze.h(1,1): warning C4828: 文件包含在偏移 0x2c8 处开始的字符，该字符在当前源字符集中无效(代码页 65001)。 (编译源文件 view3d.cpp)
C:\Users\whk13\Desktop\C++\大一暑校\LDRproject\LDRproject\opengl3Dmaze.h(1,1): warning C4828: 文件包含在偏移 0x2ca 处开始的字符，该字符在当前源字符集中无效(代码页 65001)。 (编译源文件 view3d.cpp)
C:\Users\whk13\Desktop\C++\大一暑校\LDRproject\LDRproject\opengl3Dmaze.h(1,1): warning C4828: 文件包含在偏移 0x2cc 处开始的字符，该字符在当前源字符集中无效(代码页 65001)。 (编译源文件 view3d.cpp)
C:\Users\whk13\Desktop\C++\大一暑校\LDRproject\LDRproject\opengl3Dmaze.h(1,1): warning C4828: 文件包含在偏移 0x2cd 处开始的字符，该字符在当前源字符集中无效(代码页 65001)。 (编译源文件 view3d.cpp)
C:\Users\whk13\Desktop\C++\大一暑校\LDRproject\LDRproject\opengl3Dmaze.h(1,1): warning C4828: 文件包含在偏移 0x2cf 处开始的字符，该字符在当前源字符集中无效(代码页 65001)。 (编译源文件 view3d.cpp)
C:\Users\whk13\Desktop\C++\大一暑校\LDRproject\LDRproject\opengl3Dmaze.h(1,1): warning C4828: 文件包含在偏移 0x2d0 处开始的字符，该字符在当前源字符集中无效(代码页 65001)。 (编译源文件 view3d.cpp)
C:\Users\whk13\Desktop\C++\大一暑校\LDRproject\LDRproject\opengl3Dmaze.h(1,1): warning C4828: 文件包含在偏移 0x2d1 处开始的字符，该字符在当前源字符集中无效(代码页 65001)。 (编译源文件 view3d.cpp)
C:\Users\whk13\Desktop\C++\大一暑校\LDRproject\LDRproject\opengl3Dmaze.h(1,1): warning C4828: 文件包含在偏移 0x2d2 处开始的字符，该字符在当前源字符集中无效(代码页 65001)。 (编译源文件 view3d.cpp)
C:\Users\whk13\Desktop\C++\大一暑校\LDRproject\LDRproject\opengl3Dmaze.h(1,1): warning C4828: 文件包含在偏移 0x2d4 处开始的字符，该字符在当前源字符集中无效(代码页 65001)。 (编译源文件 view3d.cpp)
C:\Users\whk13\Desktop\C++\大一暑校\LDRproject\LDRproject\opengl3Dmaze.h(1,1): warning C4828: 文件包含在偏移 0x2d7 处开始的字符，该字符在当前源字符集中无效(代码页 65001)。 (编译源文件 view3d.cpp)
C:\Users\whk13\Desktop\C++\大一暑校\LDRproject\LDRproject\opengl3Dmaze.h(1,1): warning C4828: 文件包含在偏移 0x2d9 处开始的字符，该字符在当前源字符集中无效(代码页 65001)。 (编译源文件 view3d.cpp)
C:\Users\whk13\Desktop\C++\大一暑校\LDRproject\LDRproject\opengl3Dmaze.h(1,1): warning C4828: 文件包含在偏移 0x2da 处开始的字符，该字符在当前源字符集中无效(代码页 65001)。 (编译源文件 view3d.cpp)
C:\Users\whk13\Desktop\C++\大一暑校\LDRproject\LDRproject\opengl3Dmaze.h(1,1): warning C4828: 文件包含在偏移 0x2db 处开始的字符，该字符在当前源字符集中无效(代码页 65001)。 (编译源文件 view3d.cpp)
C:\Users\whk13\Desktop\C++\大一暑校\LDRproject\LDRproject\opengl3dmaze.h(1,1): warning C4828: 文件包含在偏移 0x2c8 处开始的字符，该字符在当前源字符集中无效(代码页 65001)。 (编译源文件 main.cpp)
C:\Users\whk13\Desktop\C++\大一暑校\LDRproject\LDRproject\opengl3dmaze.h(1,1): warning C4828: 文件包含在偏移 0x2ca 处开始的字符，该字符在当前源字符集中无效(代码页 65001)。 (编译源文件 main.cpp)
C:\Users\whk13\Desktop\C++\大一暑校\LDRproject\LDRproject\opengl3dmaze.h(1,1): warning C4828: 文件包含在偏移 0x2cc 处开始的字符，该字符在当前源字符集中无效(代码页 65001)。 (编译源文件 main.cpp)
C:\Users\whk13\Desktop\C++\大一暑校\LDRproject\LDRproject\opengl3dmaze.h(1,1): warning C4828: 文件包含在偏移 0x2cd 处开始的字符，该字符在当前源字符集中无效(代码页 65001)。 (编译源文件 main.cpp)
C:\Users\whk13\Desktop\C++\大一暑校\LDRproject\LDRproject\opengl3dmaze.h(1,1): warning C4828: 文件包含在偏移 0x2cf 处开始的字符，该字符在当前源字符集中无效(代码页 65001)。 (编译源文件 main.cpp)
C:\Users\whk13\Desktop\C++\大一暑校\LDRproject\LDRproject\opengl3dmaze.h(1,1): warning C4828: 文件包含在偏移 0x2d0 处开始的字符，该字符在当前源字符集中无效(代码页 65001)。 (编译源文件 main.cpp)
C:\Users\whk13\Desktop\C++\大一暑校\LDRproject\LDRproject\opengl3dmaze.h(1,1): warning C4828: 文件包含在偏移 0x2d1 处开始的字符，该字符在当前源字符集中无效(代码页 65001)。 (编译源文件 main.cpp)
C:\Users\whk13\Desktop\C++\大一暑校\LDRproject\LDRproject\opengl3dmaze.h(1,1): warning C4828: 文件包含在偏移 0x2d2 处开始的字符，该字符在当前源字符集中无效(代码页 65001)。 (编译源文件 main.cpp)
C:\Users\whk13\Desktop\C++\大一暑校\LDRproject\LDRproject\opengl3dmaze.h(1,1): warning C4828: 文件包含在偏移 0x2d4 处开始的字符，该字符在当前源字符集中无效(代码页 65001)。 (编译源文件 main.cpp)
C:\Users\whk13\Desktop\C++\大一暑校\LDRproject\LDRproject\opengl3dmaze.h(1,1): warning C4828: 文件包含在偏移 0x2d7 处开始的字符，该字符在当前源字符集中无效(代码页 65001)。 (编译源文件 main.cpp)
C:\Users\whk13\Desktop\C++\大一暑校\LDRproject\LDRproject\opengl3dmaze.h(1,1): warning C4828: 文件包含在偏移 0x2d9 处开始的字符，该字符在当前源字符集中无效(代码页 65001)。 (编译源文件 main.cpp)
C:\Users\whk13\Desktop\C++\大一暑校\LDRproject\LDRproject\opengl3dmaze.h(1,1): warning C4828: 文件包含在偏移 0x2da 处开始的字符，该字符在当前源字符集中无效(代码页 65001)。 (编译源文件 main.cpp)
C:\Users\whk13\Desktop\C++\大一暑校\LDRproject\LDRproject\opengl3dmaze.h(1,1): warning C4828: 文件包含在偏移 0x2db 处开始的字符，该字符在当前源字符集中无效(代码页 65001)。 (编译源文件 main.cpp)
C:\Users\whk13\Desktop\C++\大一暑校\LDRproject\LDRproject\opengl3dmaze.h(1,1): warning C4828: 文件包含在偏移 0x2c8 处开始的字符，该字符在当前源字符集中无效(代码页 65001)。 (编译源文件 LDRproject.cpp)
C:\Users\whk13\Desktop\C++\大一暑校\LDRproject\LDRproject\opengl3dmaze.h(1,1): warning C4828: 文件包含在偏移 0x2ca 处开始的字符，该字符在当前源字符集中无效(代码页 65001)。 (编译源文件 LDRproject.cpp)
C:\Users\whk13\Desktop\C++\大一暑校\LDRproject\LDRproject\opengl3dmaze.h(1,1): warning C4828: 文件包含在偏移 0x2cc 处开始的字符，该字符在当前源字符集中无效(代码页 65001)。 (编译源文件 LDRproject.cpp)
C:\Users\whk13\Desktop\C++\大一暑校\LDRproject\LDRproject\opengl3dmaze.h(1,1): warning C4828: 文件包含在偏移 0x2cd 处开始的字符，该字符在当前源字符集中无效(代码页 65001)。 (编译源文件 LDRproject.cpp)
C:\Users\whk13\Desktop\C++\大一暑校\LDRproject\LDRproject\opengl3dmaze.h(1,1): warning C4828: 文件包含在偏移 0x2cf 处开始的字符，该字符在当前源字符集中无效(代码页 65001)。 (编译源文件 LDRproject.cpp)
C:\Users\whk13\Desktop\C++\大一暑校\LDRproject\LDRproject\opengl3dmaze.h(1,1): warning C4828: 文件包含在偏移 0x2d0 处开始的字符，该字符在当前源字符集中无效(代码页 65001)。 (编译源文件 LDRproject.cpp)
C:\Users\whk13\Desktop\C++\大一暑校\LDRproject\LDRproject\opengl3dmaze.h(1,1): warning C4828: 文件包含在偏移 0x2d1 处开始的字符，该字符在当前源字符集中无效(代码页 65001)。 (编译源文件 LDRproject.cpp)
C:\Users\whk13\Desktop\C++\大一暑校\LDRproject\LDRproject\opengl3dmaze.h(1,1): warning C4828: 文件包含在偏移 0x2d2 处开始的字符，该字符在当前源字符集中无效(代码页 65001)。 (编译源文件 LDRproject.cpp)
C:\Users\whk13\Desktop\C++\大一暑校\LDRproject\LDRproject\opengl3dmaze.h(1,1): warning C4828: 文件包含在偏移 0x2d4 处开始的字符，该字符在当前源字符集中无效(代码页 65001)。 (编译源文件 LDRproject.cpp)
C:\Users\whk13\Desktop\C++\大一暑校\LDRproject\LDRproject\opengl3dmaze.h(1,1): warning C4828: 文件包含在偏移 0x2d7 处开始的字符，该字符在当前源字符集中无效(代码页 65001)。 (编译源文件 LDRproject.cpp)
C:\Users\whk13\Desktop\C++\大一暑校\LDRproject\LDRproject\opengl3dmaze.h(1,1): warning C4828: 文件包含在偏移 0x2d9 处开始的字符，该字符在当前源字符集中无效(代码页 65001)。 (编译源文件 LDRproject.cpp)
C:\Users\whk13\Desktop\C++\大一暑校\LDRproject\LDRproject\opengl3dmaze.h(1,1): warning C4828: 文件包含在偏移 0x2da 处开始的字符，该字符在当前源字符集中无效(代码页 65001)。 (编译源文件 LDRproject.cpp)
C:\Users\whk13\Desktop\C++\大一暑校\LDRproject\LDRproject\opengl3dmaze.h(1,1): warning C4828: 文件包含在偏移 0x2db 处开始的字符，该字符在当前源字符集中无效(代码页 65001)。 (编译源文件 LDRproject.cpp)
C:\Users\whk13\Desktop\C++\大一暑校\LDRproject\LDRproject\view3d.h(1,1): warning C4828: 文件包含在偏移 0x2cd 处开始的字符，该字符在当前源字符集中无效(代码页 65001)。 (编译源文件 main.cpp)
C:\Users\whk13\Desktop\C++\大一暑校\LDRproject\LDRproject\view3d.h(1,1): warning C4828: 文件包含在偏移 0x2cf 处开始的字符，该字符在当前源字符集中无效(代码页 65001)。 (编译源文件 main.cpp)
C:\Users\whk13\Desktop\C++\大一暑校\LDRproject\LDRproject\view3d.h(1,1): warning C4828: 文件包含在偏移 0x2d1 处开始的字符，该字符在当前源字符集中无效(代码页 65001)。 (编译源文件 main.cpp)
C:\Users\whk13\Desktop\C++\大一暑校\LDRproject\LDRproject\view3d.h(1,1): warning C4828: 文件包含在偏移 0x2d2 处开始的字符，该字符在当前源字符集中无效(代码页 65001)。 (编译源文件 main.cpp)
C:\Users\whk13\Desktop\C++\大一暑校\LDRproject\LDRproject\view3d.h(1,1): warning C4828: 文件包含在偏移 0x2d4 处开始的字符，该字符在当前源字符集中无效(代码页 65001)。 (编译源文件 main.cpp)
C:\Users\whk13\Desktop\C++\大一暑校\LDRproject\LDRproject\view3d.h(1,1): warning C4828: 文件包含在偏移 0x2d5 处开始的字符，该字符在当前源字符集中无效(代码页 65001)。 (编译源文件 main.cpp)
C:\Users\whk13\Desktop\C++\大一暑校\LDRproject\LDRproject\view3d.h(1,1): warning C4828: 文件包含在偏移 0x2d6 处开始的字符，该字符在当前源字符集中无效(代码页 65001)。 (编译源文件 main.cpp)
C:\Users\whk13\Desktop\C++\大一暑校\LDRproject\LDRproject\view3d.h(1,1): warning C4828: 文件包含在偏移 0x2d7 处开始的字符，该字符在当前源字符集中无效(代码页 65001)。 (编译源文件 main.cpp)
C:\Users\whk13\Desktop\C++\大一暑校\LDRproject\LDRproject\view3d.h(1,1): warning C4828: 文件包含在偏移 0x2d9 处开始的字符，该字符在当前源字符集中无效(代码页 65001)。 (编译源文件 main.cpp)
C:\Users\whk13\Desktop\C++\大一暑校\LDRproject\LDRproject\view3d.h(1,1): warning C4828: 文件包含在偏移 0x2dc 处开始的字符，该字符在当前源字符集中无效(代码页 65001)。 (编译源文件 main.cpp)
C:\Users\whk13\Desktop\C++\大一暑校\LDRproject\LDRproject\view3d.h(1,1): warning C4828: 文件包含在偏移 0x2de 处开始的字符，该字符在当前源字符集中无效(代码页 65001)。 (编译源文件 main.cpp)
C:\Users\whk13\Desktop\C++\大一暑校\LDRproject\LDRproject\view3d.h(1,1): warning C4828: 文件包含在偏移 0x2df 处开始的字符，该字符在当前源字符集中无效(代码页 65001)。 (编译源文件 main.cpp)
C:\Users\whk13\Desktop\C++\大一暑校\LDRproject\LDRproject\view3d.h(1,1): warning C4828: 文件包含在偏移 0x2e0 处开始的字符，该字符在当前源字符集中无效(代码页 65001)。 (编译源文件 main.cpp)
  moc_LDRproject.cpp
  moc_view3d.cpp
  moc_mazedata.cpp
  moc_opengl3Dmaze.cpp
C:\Users\whk13\Desktop\C++\大一暑校\LDRproject\LDRproject\opengl3Dmaze.h(1,1): warning C4828: 文件包含在偏移 0x2c8 处开始的字符，该字符在当前源字符集中无效(代码页 65001)。 (编译源文件 x64\Debug\moc\moc_opengl3Dmaze.cpp)
C:\Users\whk13\Desktop\C++\大一暑校\LDRproject\LDRproject\view3d.h(1,1): warning C4828: 文件包含在偏移 0x2cd 处开始的字符，该字符在当前源字符集中无效(代码页 65001)。 (编译源文件 x64\Debug\moc\moc_view3d.cpp)
C:\Users\whk13\Desktop\C++\大一暑校\LDRproject\LDRproject\opengl3Dmaze.h(1,1): warning C4828: 文件包含在偏移 0x2ca 处开始的字符，该字符在当前源字符集中无效(代码页 65001)。 (编译源文件 x64\Debug\moc\moc_opengl3Dmaze.cpp)
C:\Users\whk13\Desktop\C++\大一暑校\LDRproject\LDRproject\view3d.h(1,1): warning C4828: 文件包含在偏移 0x2cf 处开始的字符，该字符在当前源字符集中无效(代码页 65001)。 (编译源文件 x64\Debug\moc\moc_view3d.cpp)
C:\Users\whk13\Desktop\C++\大一暑校\LDRproject\LDRproject\opengl3Dmaze.h(1,1): warning C4828: 文件包含在偏移 0x2cc 处开始的字符，该字符在当前源字符集中无效(代码页 65001)。 (编译源文件 x64\Debug\moc\moc_opengl3Dmaze.cpp)
C:\Users\whk13\Desktop\C++\大一暑校\LDRproject\LDRproject\view3d.h(1,1): warning C4828: 文件包含在偏移 0x2d1 处开始的字符，该字符在当前源字符集中无效(代码页 65001)。 (编译源文件 x64\Debug\moc\moc_view3d.cpp)
C:\Users\whk13\Desktop\C++\大一暑校\LDRproject\LDRproject\opengl3Dmaze.h(1,1): warning C4828: 文件包含在偏移 0x2cd 处开始的字符，该字符在当前源字符集中无效(代码页 65001)。 (编译源文件 x64\Debug\moc\moc_opengl3Dmaze.cpp)
C:\Users\whk13\Desktop\C++\大一暑校\LDRproject\LDRproject\view3d.h(1,1): warning C4828: 文件包含在偏移 0x2d2 处开始的字符，该字符在当前源字符集中无效(代码页 65001)。 (编译源文件 x64\Debug\moc\moc_view3d.cpp)
C:\Users\whk13\Desktop\C++\大一暑校\LDRproject\LDRproject\view3d.h(1,1): warning C4828: 文件包含在偏移 0x2d4 处开始的字符，该字符在当前源字符集中无效(代码页 65001)。 (编译源文件 x64\Debug\moc\moc_view3d.cpp)
C:\Users\whk13\Desktop\C++\大一暑校\LDRproject\LDRproject\opengl3Dmaze.h(1,1): warning C4828: 文件包含在偏移 0x2cf 处开始的字符，该字符在当前源字符集中无效(代码页 65001)。 (编译源文件 x64\Debug\moc\moc_opengl3Dmaze.cpp)
C:\Users\whk13\Desktop\C++\大一暑校\LDRproject\LDRproject\view3d.h(1,1): warning C4828: 文件包含在偏移 0x2d5 处开始的字符，该字符在当前源字符集中无效(代码页 65001)。 (编译源文件 x64\Debug\moc\moc_view3d.cpp)
C:\Users\whk13\Desktop\C++\大一暑校\LDRproject\LDRproject\view3d.h(1,1): warning C4828: 文件包含在偏移 0x2d6 处开始的字符，该字符在当前源字符集中无效(代码页 65001)。 (编译源文件 x64\Debug\moc\moc_view3d.cpp)
C:\Users\whk13\Desktop\C++\大一暑校\LDRproject\LDRproject\opengl3Dmaze.h(1,1): warning C4828: 文件包含在偏移 0x2d0 处开始的字符，该字符在当前源字符集中无效(代码页 65001)。 (编译源文件 x64\Debug\moc\moc_opengl3Dmaze.cpp)
C:\Users\whk13\Desktop\C++\大一暑校\LDRproject\LDRproject\view3d.h(1,1): warning C4828: 文件包含在偏移 0x2d7 处开始的字符，该字符在当前源字符集中无效(代码页 65001)。 (编译源文件 x64\Debug\moc\moc_view3d.cpp)
C:\Users\whk13\Desktop\C++\大一暑校\LDRproject\LDRproject\view3d.h(1,1): warning C4828: 文件包含在偏移 0x2d9 处开始的字符，该字符在当前源字符集中无效(代码页 65001)。 (编译源文件 x64\Debug\moc\moc_view3d.cpp)
C:\Users\whk13\Desktop\C++\大一暑校\LDRproject\LDRproject\view3d.h(1,1): warning C4828: 文件包含在偏移 0x2dc 处开始的字符，该字符在当前源字符集中无效(代码页 65001)。 (编译源文件 x64\Debug\moc\moc_view3d.cpp)
C:\Users\whk13\Desktop\C++\大一暑校\LDRproject\LDRproject\view3d.h(1,1): warning C4828: 文件包含在偏移 0x2de 处开始的字符，该字符在当前源字符集中无效(代码页 65001)。 (编译源文件 x64\Debug\moc\moc_view3d.cpp)
C:\Users\whk13\Desktop\C++\大一暑校\LDRproject\LDRproject\opengl3Dmaze.h(1,1): warning C4828: 文件包含在偏移 0x2d1 处开始的字符，该字符在当前源字符集中无效(代码页 65001)。 (编译源文件 x64\Debug\moc\moc_opengl3Dmaze.cpp)
C:\Users\whk13\Desktop\C++\大一暑校\LDRproject\LDRproject\view3d.h(1,1): warning C4828: 文件包含在偏移 0x2df 处开始的字符，该字符在当前源字符集中无效(代码页 65001)。 (编译源文件 x64\Debug\moc\moc_view3d.cpp)
C:\Users\whk13\Desktop\C++\大一暑校\LDRproject\LDRproject\opengl3Dmaze.h(1,1): warning C4828: 文件包含在偏移 0x2d2 处开始的字符，该字符在当前源字符集中无效(代码页 65001)。 (编译源文件 x64\Debug\moc\moc_opengl3Dmaze.cpp)
C:\Users\whk13\Desktop\C++\大一暑校\LDRproject\LDRproject\view3d.h(1,1): warning C4828: 文件包含在偏移 0x2e0 处开始的字符，该字符在当前源字符集中无效(代码页 65001)。 (编译源文件 x64\Debug\moc\moc_view3d.cpp)
C:\Users\whk13\Desktop\C++\大一暑校\LDRproject\LDRproject\opengl3Dmaze.h(1,1): warning C4828: 文件包含在偏移 0x2d4 处开始的字符，该字符在当前源字符集中无效(代码页 65001)。 (编译源文件 x64\Debug\moc\moc_opengl3Dmaze.cpp)
C:\Users\whk13\Desktop\C++\大一暑校\LDRproject\LDRproject\opengl3Dmaze.h(1,1): warning C4828: 文件包含在偏移 0x2d7 处开始的字符，该字符在当前源字符集中无效(代码页 65001)。 (编译源文件 x64\Debug\moc\moc_opengl3Dmaze.cpp)
C:\Users\whk13\Desktop\C++\大一暑校\LDRproject\LDRproject\opengl3Dmaze.h(1,1): warning C4828: 文件包含在偏移 0x2d9 处开始的字符，该字符在当前源字符集中无效(代码页 65001)。 (编译源文件 x64\Debug\moc\moc_opengl3Dmaze.cpp)
C:\Users\whk13\Desktop\C++\大一暑校\LDRproject\LDRproject\opengl3Dmaze.h(1,1): warning C4828: 文件包含在偏移 0x2da 处开始的字符，该字符在当前源字符集中无效(代码页 65001)。 (编译源文件 x64\Debug\moc\moc_opengl3Dmaze.cpp)
C:\Users\whk13\Desktop\C++\大一暑校\LDRproject\LDRproject\opengl3Dmaze.h(1,1): warning C4828: 文件包含在偏移 0x2db 处开始的字符，该字符在当前源字符集中无效(代码页 65001)。 (编译源文件 x64\Debug\moc\moc_opengl3Dmaze.cpp)
C:\Users\whk13\Desktop\C++\大一暑校\LDRproject\LDRproject\opengl3dmaze.h(1,1): warning C4828: 文件包含在偏移 0x2c8 处开始的字符，该字符在当前源字符集中无效(代码页 65001)。 (编译源文件 x64\Debug\moc\moc_LDRproject.cpp)
C:\Users\whk13\Desktop\C++\大一暑校\LDRproject\LDRproject\opengl3dmaze.h(1,1): warning C4828: 文件包含在偏移 0x2ca 处开始的字符，该字符在当前源字符集中无效(代码页 65001)。 (编译源文件 x64\Debug\moc\moc_LDRproject.cpp)
C:\Users\whk13\Desktop\C++\大一暑校\LDRproject\LDRproject\opengl3dmaze.h(1,1): warning C4828: 文件包含在偏移 0x2cc 处开始的字符，该字符在当前源字符集中无效(代码页 65001)。 (编译源文件 x64\Debug\moc\moc_LDRproject.cpp)
C:\Users\whk13\Desktop\C++\大一暑校\LDRproject\LDRproject\opengl3dmaze.h(1,1): warning C4828: 文件包含在偏移 0x2cd 处开始的字符，该字符在当前源字符集中无效(代码页 65001)。 (编译源文件 x64\Debug\moc\moc_LDRproject.cpp)
C:\Users\whk13\Desktop\C++\大一暑校\LDRproject\LDRproject\opengl3dmaze.h(1,1): warning C4828: 文件包含在偏移 0x2cf 处开始的字符，该字符在当前源字符集中无效(代码页 65001)。 (编译源文件 x64\Debug\moc\moc_LDRproject.cpp)
C:\Users\whk13\Desktop\C++\大一暑校\LDRproject\LDRproject\opengl3dmaze.h(1,1): warning C4828: 文件包含在偏移 0x2d0 处开始的字符，该字符在当前源字符集中无效(代码页 65001)。 (编译源文件 x64\Debug\moc\moc_LDRproject.cpp)
C:\Users\whk13\Desktop\C++\大一暑校\LDRproject\LDRproject\opengl3dmaze.h(1,1): warning C4828: 文件包含在偏移 0x2d1 处开始的字符，该字符在当前源字符集中无效(代码页 65001)。 (编译源文件 x64\Debug\moc\moc_LDRproject.cpp)
C:\Users\whk13\Desktop\C++\大一暑校\LDRproject\LDRproject\opengl3dmaze.h(1,1): warning C4828: 文件包含在偏移 0x2d2 处开始的字符，该字符在当前源字符集中无效(代码页 65001)。 (编译源文件 x64\Debug\moc\moc_LDRproject.cpp)
C:\Users\whk13\Desktop\C++\大一暑校\LDRproject\LDRproject\opengl3dmaze.h(1,1): warning C4828: 文件包含在偏移 0x2d4 处开始的字符，该字符在当前源字符集中无效(代码页 65001)。 (编译源文件 x64\Debug\moc\moc_LDRproject.cpp)
C:\Users\whk13\Desktop\C++\大一暑校\LDRproject\LDRproject\opengl3dmaze.h(1,1): warning C4828: 文件包含在偏移 0x2d7 处开始的字符，该字符在当前源字符集中无效(代码页 65001)。 (编译源文件 x64\Debug\moc\moc_LDRproject.cpp)
C:\Users\whk13\Desktop\C++\大一暑校\LDRproject\LDRproject\opengl3dmaze.h(1,1): warning C4828: 文件包含在偏移 0x2d9 处开始的字符，该字符在当前源字符集中无效(代码页 65001)。 (编译源文件 x64\Debug\moc\moc_LDRproject.cpp)
C:\Users\whk13\Desktop\C++\大一暑校\LDRproject\LDRproject\opengl3dmaze.h(1,1): warning C4828: 文件包含在偏移 0x2da 处开始的字符，该字符在当前源字符集中无效(代码页 65001)。 (编译源文件 x64\Debug\moc\moc_LDRproject.cpp)
C:\Users\whk13\Desktop\C++\大一暑校\LDRproject\LDRproject\opengl3dmaze.h(1,1): warning C4828: 文件包含在偏移 0x2db 处开始的字符，该字符在当前源字符集中无效(代码页 65001)。 (编译源文件 x64\Debug\moc\moc_LDRproject.cpp)
  LDRproject.vcxproj -> C:\Users\whk13\Desktop\C++\大一暑校\LDRproject\x64\Debug\LDRproject.exe
